Log file open, 03/04/22 10:56:31
LogWindows: Failed to load 'aqProf.dll' (GetLastError=126)
LogWindows: File 'aqProf.dll' does not exist
LogWindows: Failed to load 'VtuneApi.dll' (GetLastError=126)
LogWindows: File 'VtuneApi.dll' does not exist
LogWindows: Failed to load 'VtuneApi32e.dll' (GetLastError=126)
LogWindows: File 'VtuneApi32e.dll' does not exist
LogConsoleResponse: Display: Failed to find resolution value strings in scalability ini. Falling back to default.
LogConsoleResponse: Display: Failed to find resolution value strings in scalability ini. Falling back to default.
LogInit: Display: Running engine for game: BuildingEscape
LogPlatformFile: Not using cached read wrapper
LogTaskGraph: Started task graph with 5 named threads and 35 total threads with 3 sets of task threads.
LogStats: Stats thread started at 0.364259
LogICUInternationalization: ICU TimeZone Detection - Raw Offset: -6:00, Platform Override: ''
LogInit: Display: Loading text-based GConfig....
LogPluginManager: Mounting plugin MeshPainting
LogPluginManager: Mounting plugin XGEController
LogPluginManager: Mounting plugin Paper2D
LogPluginManager: Mounting plugin LiveLink
LogPluginManager: Mounting plugin EnvironmentQueryEditor
LogPluginManager: Mounting plugin AISupport
LogPluginManager: Mounting plugin CameraShakePreviewer
LogPluginManager: Mounting plugin LightPropagationVolume
LogPluginManager: Mounting plugin GameplayCameras
LogPluginManager: Mounting plugin OodleData
LogPluginManager: Mounting plugin OodleNetwork
LogPluginManager: Mounting plugin AssetManagerEditor
LogPluginManager: Mounting plugin CryptoKeys
LogPluginManager: Mounting plugin DataValidation
LogPluginManager: Mounting plugin CurveEditorTools
LogPluginManager: Mounting plugin AnimationSharing
LogPluginManager: Mounting plugin CLionSourceCodeAccess
LogPluginManager: Mounting plugin CodeLiteSourceCodeAccess
LogPluginManager: Mounting plugin GameplayTagsEditor
LogPluginManager: Mounting plugin GeometryMode
LogPluginManager: Mounting plugin FacialAnimation
LogPluginManager: Mounting plugin GitSourceControl
LogPluginManager: Mounting plugin KDevelopSourceCodeAccess
LogPluginManager: Mounting plugin MacGraphicsSwitching
LogPluginManager: Mounting plugin NullSourceCodeAccess
LogPluginManager: Mounting plugin MaterialAnalyzer
LogPluginManager: Mounting plugin PerforceSourceControl
LogPluginManager: Mounting plugin MobileLauncherProfileWizard
LogPluginManager: Mounting plugin PluginUtils
LogPluginManager: Mounting plugin PlasticSourceControl
LogPluginManager: Mounting plugin PixWinPlugin
LogPluginManager: Mounting plugin PropertyAccessNode
LogPluginManager: Mounting plugin PluginBrowser
LogPluginManager: Mounting plugin SubversionSourceControl
LogPluginManager: Mounting plugin TextureFormatOodle
LogPluginManager: Mounting plugin SpeedTreeImporter
LogPluginManager: Mounting plugin RiderSourceCodeAccess
LogPluginManager: Mounting plugin XCodeSourceCodeAccess
LogPluginManager: Mounting plugin VisualStudioSourceCodeAccess
LogPluginManager: Mounting plugin VisualStudioCodeSourceCodeAccess
LogPluginManager: Mounting plugin UObjectPlugin
LogPluginManager: Mounting plugin DatasmithContent
LogPluginManager: Mounting plugin VariantManagerContent
LogPluginManager: Mounting plugin AlembicImporter
LogPluginManager: Mounting plugin AutomationUtils
LogPluginManager: Mounting plugin BackChannel
LogPluginManager: Mounting plugin ChaosClothEditor
LogPluginManager: Mounting plugin ChaosCloth
LogPluginManager: Mounting plugin ChaosEditor
LogPluginManager: Mounting plugin ChaosNiagara
LogPluginManager: Mounting plugin ChaosSolverPlugin
LogPluginManager: Mounting plugin CharacterAI
LogPluginManager: Mounting plugin GeometryCache
LogPluginManager: Mounting plugin GeometryProcessing
LogPluginManager: Mounting plugin GeometryCollectionPlugin
LogPluginManager: Mounting plugin MotoSynth
LogPluginManager: Mounting plugin OpenImageDenoise
LogPluginManager: Mounting plugin Niagara
LogPluginManager: Mounting plugin PlatformCrypto
LogPluginManager: Mounting plugin PlanarCut
LogPluginManager: Mounting plugin ProxyLODPlugin
LogPluginManager: Mounting plugin PythonScriptPlugin
LogPluginManager: Mounting plugin SkeletalReduction
LogPluginManager: Mounting plugin LuminPlatformFeatures
LogPluginManager: Mounting plugin MagicLeap
LogPluginManager: Mounting plugin MagicLeapLightEstimation
LogPluginManager: Mounting plugin MagicLeapMedia
LogPluginManager: Mounting plugin MagicLeapPassableWorld
LogPluginManager: Mounting plugin MLSDK
LogPluginManager: Mounting plugin AndroidMedia
LogPluginManager: Mounting plugin ImgMedia
LogPluginManager: Mounting plugin MediaCompositing
LogPluginManager: Mounting plugin MediaPlayerEditor
LogPluginManager: Mounting plugin WebMMedia
LogPluginManager: Mounting plugin WmfMedia
LogPluginManager: Mounting plugin TcpMessaging
LogPluginManager: Mounting plugin AvfMedia
LogPluginManager: Mounting plugin UdpMessaging
LogPluginManager: Mounting plugin ActorSequence
LogPluginManager: Mounting plugin LevelSequenceEditor
LogPluginManager: Mounting plugin MatineeToLevelSequence
LogPluginManager: Mounting plugin TemplateSequence
LogPluginManager: Mounting plugin OnlineSubsystem
LogPluginManager: Mounting plugin OnlineSubsystemNull
LogPluginManager: Mounting plugin OnlineSubsystemUtils
LogPluginManager: Mounting plugin LauncherChunkInstaller
LogPluginManager: Mounting plugin ActorLayerUtilities
LogPluginManager: Mounting plugin AndroidDeviceProfileSelector
LogPluginManager: Mounting plugin AndroidMoviePlayer
LogPluginManager: Mounting plugin AndroidPermission
LogPluginManager: Mounting plugin AppleImageUtils
LogPluginManager: Mounting plugin AppleMoviePlayer
LogPluginManager: Mounting plugin ArchVisCharacter
LogPluginManager: Mounting plugin AudioCapture
LogPluginManager: Mounting plugin AssetTags
LogPluginManager: Mounting plugin AudioSynesthesia
LogPluginManager: Mounting plugin CableComponent
LogPluginManager: Mounting plugin ChunkDownloader
LogPluginManager: Mounting plugin CustomMeshComponent
LogPluginManager: Mounting plugin ExampleDeviceProfileSelector
LogPluginManager: Mounting plugin EditableMesh
LogPluginManager: Mounting plugin GoogleCloudMessaging
LogPluginManager: Mounting plugin GooglePAD
LogPluginManager: Mounting plugin IOSDeviceProfileSelector
LogPluginManager: Mounting plugin LinuxDeviceProfileSelector
LogPluginManager: Mounting plugin LocationServicesBPLibrary
LogPluginManager: Mounting plugin MobilePatchingUtils
LogPluginManager: Mounting plugin OpenXR
LogPluginManager: Mounting plugin OpenXRHandTracking
LogPluginManager: Mounting plugin OpenXREyeTracker
LogPluginManager: Mounting plugin PostSplashScreen
LogPluginManager: Mounting plugin PhysXVehicles
LogPluginManager: Mounting plugin ProceduralMeshComponent
LogPluginManager: Mounting plugin PropertyAccessEditor
LogPluginManager: Mounting plugin RuntimePhysXCooking
LogPluginManager: Mounting plugin SignificanceManager
LogPluginManager: Mounting plugin SoundFields
LogPluginManager: Mounting plugin Synthesis
LogPluginManager: Mounting plugin WebMMoviePlayer
LogPluginManager: Mounting plugin WindowsMoviePlayer
LogPluginManager: Mounting plugin ScreenshotTools
LogPluginManager: Mounting plugin Takes
LogPluginManager: Mounting plugin ContentBrowserAssetDataSource
LogPluginManager: Mounting plugin ContentBrowserClassDataSource
LogPluginManager: Mounting plugin ContentBrowserFileDataSource
LogPluginManager: Mounting plugin OnlineSubsystemGooglePlay
LogPluginManager: Mounting plugin OnlineSubsystemIOS
LogPluginManager: Mounting plugin OculusVR
LogPluginManager: Mounting plugin SteamVR
PixWinPlugin: PIX capture plugin failed to initialize! Check that the process is launched from PIX.
LogLuminAPIImpl: Warning: MLSDK not found.  This likely means the MLSDK environment variable is not set.
LogInit: Using libcurl 7.55.1-DEV
LogInit:  - built for x86_64-pc-win32
LogInit:  - supports SSL with OpenSSL/1.1.1
LogInit:  - supports HTTP deflate (compression) using libz 1.2.8
LogInit:  - other features:
LogInit:      CURL_VERSION_SSL
LogInit:      CURL_VERSION_LIBZ
LogInit:      CURL_VERSION_IPV6
LogInit:      CURL_VERSION_ASYNCHDNS
LogInit:      CURL_VERSION_LARGEFILE
LogInit:      CURL_VERSION_IDN
LogInit:  CurlRequestOptions (configurable via config and command line):
LogInit:  - bVerifyPeer = true  - Libcurl will verify peer certificate
LogInit:  - bUseHttpProxy = false  - Libcurl will NOT use HTTP proxy
LogInit:  - bDontReuseConnections = false  - Libcurl will reuse connections
LogInit:  - MaxHostConnections = 16  - Libcurl will limit the number of connections to a host
LogInit:  - LocalHostAddr = Default
LogInit:  - BufferSize = 65536
LogOnline: OSS: Creating online subsystem instance for: NULL
LogInit: WinSock: version 1.1 (2.2), MaxSocks=32767, MaxUdp=65467
LogOnline: OSS: TryLoadSubsystemAndSetDefault: Loaded subsystem for module [NULL]
LogOculusPluginWrapper: OculusPlugin initialized successfully
LogHMD: Failed initializing OVRPlugin 1.59.0
LogInit: Build: ++UE4+Release-4.27-CL-18319896
LogInit: Engine Version: 4.27.2-18319896+++UE4+Release-4.27
LogInit: Compatible Engine Version: 4.27.0-17155196+++UE4+Release-4.27
LogInit: Net CL: 17155196
LogInit: OS: Windows 10 (Release 2009) (), CPU: Intel(R) Core(TM) i7-8700K CPU @ 3.70GHz, GPU: Radeon (TM) RX 480 Graphics
LogInit: Compiled (64-bit): Nov 30 2021 07:12:08
LogInit: Compiled with Visual C++: 19.24.28315.00
LogInit: Build Configuration: Development
LogInit: Branch Name: ++UE4+Release-4.27
LogInit: Command Line:  -EpicPortal -epicusername=Freshnasty -epicuserid=8e09c8b58b81473cbe17e3def9a70003 -epiclocale=en -epicsandboxid=ue
LogInit: Base Directory: C:/Program Files/Epic Games/UE_4.27/Engine/Binaries/Win64/
LogInit: Allocator: TBB
LogInit: Installed Engine Build: 1
LogDevObjectVersion: Number of dev versions registered: 29
LogDevObjectVersion:   Dev-Blueprints (B0D832E4-1F89-4F0D-ACCF-7EB736FD4AA2): 10
LogDevObjectVersion:   Dev-Build (E1C64328-A22C-4D53-A36C-8E866417BD8C): 0
LogDevObjectVersion:   Dev-Core (375EC13C-06E4-48FB-B500-84F0262A717E): 4
LogDevObjectVersion:   Dev-Editor (E4B068ED-F494-42E9-A231-DA0B2E46BB41): 40
LogDevObjectVersion:   Dev-Framework (CFFC743F-43B0-4480-9391-14DF171D2073): 37
LogDevObjectVersion:   Dev-Mobile (B02B49B5-BB20-44E9-A304-32B752E40360): 3
LogDevObjectVersion:   Dev-Networking (A4E4105C-59A1-49B5-A7C5-40C4547EDFEE): 0
LogDevObjectVersion:   Dev-Online (39C831C9-5AE6-47DC-9A44-9C173E1C8E7C): 0
LogDevObjectVersion:   Dev-Physics (78F01B33-EBEA-4F98-B9B4-84EACCB95AA2): 14
LogDevObjectVersion:   Dev-Platform (6631380F-2D4D-43E0-8009-CF276956A95A): 0
LogDevObjectVersion:   Dev-Rendering (12F88B9F-8875-4AFC-A67C-D90C383ABD29): 45
LogDevObjectVersion:   Dev-Sequencer (7B5AE74C-D270-4C10-A958-57980B212A5A): 13
LogDevObjectVersion:   Dev-VR (D7296918-1DD6-4BDD-9DE2-64A83CC13884): 3
LogDevObjectVersion:   Dev-LoadTimes (C2A15278-BFE7-4AFE-6C17-90FF531DF755): 1
LogDevObjectVersion:   Private-Geometry (6EACA3D4-40EC-4CC1-B786-8BED09428FC5): 3
LogDevObjectVersion:   Dev-AnimPhys (29E575DD-E0A3-4627-9D10-D276232CDCEA): 17
LogDevObjectVersion:   Dev-Anim (AF43A65D-7FD3-4947-9873-3E8ED9C1BB05): 15
LogDevObjectVersion:   Dev-ReflectionCapture (6B266CEC-1EC7-4B8F-A30B-E4D90942FC07): 1
LogDevObjectVersion:   Dev-Automation (0DF73D61-A23F-47EA-B727-89E90C41499A): 1
LogDevObjectVersion:   FortniteMain (601D1886-AC64-4F84-AA16-D3DE0DEAC7D6): 47
LogDevObjectVersion:   FortniteRelease (E7086368-6B23-4C58-8439-1B7016265E91): 1
LogDevObjectVersion:   Dev-Enterprise (9DFFBCD6-494F-0158-E221-12823C92A888): 10
LogDevObjectVersion:   Dev-Niagara (F2AED0AC-9AFE-416F-8664-AA7FFA26D6FC): 1
LogDevObjectVersion:   Dev-Destruction (174F1F0B-B4C6-45A5-B13F-2EE8D0FB917D): 10
LogDevObjectVersion:   Dev-Physics-Ext (35F94A83-E258-406C-A318-09F59610247C): 41
LogDevObjectVersion:   Dev-PhysicsMaterial-Chaos (B68FC16E-8B1B-42E2-B453-215C058844FE): 1
LogDevObjectVersion:   Dev-CineCamera (B2E18506-4273-CFC2-A54E-F4BB758BBA07): 1
LogDevObjectVersion:   Dev-VirtualProduction (64F58936-FD1B-42BA-BA96-7289D5D0FA4E): 1
LogDevObjectVersion:   Dev-MediaFramework (6F0ED827-A609-4895-9C91-998D90180EA4): 2
LogInit: Presizing for max 25165824 objects, including 0 objects not considered by GC, pre-allocating 0 bytes for permanent pool.
LogConfig: Applying CVar settings from Section [/Script/Engine.StreamingSettings] File [C:/Users/seana/Game Repos/UnrealEngine/BuildingEscape/BuildingEscape/Saved/Config/Windows/Engine.ini]
LogConfig: Setting CVar [[s.MinBulkDataSizeForAsyncLoading:131072]]
LogConfig: Setting CVar [[s.AsyncLoadingThreadEnabled:0]]
LogConfig: Setting CVar [[s.EventDrivenLoaderEnabled:1]]
LogConfig: Setting CVar [[s.WarnIfTimeLimitExceeded:0]]
LogConfig: Setting CVar [[s.TimeLimitExceededMultiplier:1.5]]
LogConfig: Setting CVar [[s.TimeLimitExceededMinTime:0.005]]
LogConfig: Setting CVar [[s.UseBackgroundLevelStreaming:1]]
LogConfig: Setting CVar [[s.PriorityAsyncLoadingExtraTime:15.0]]
LogConfig: Setting CVar [[s.LevelStreamingActorsUpdateTimeLimit:5.0]]
LogConfig: Setting CVar [[s.PriorityLevelStreamingActorsUpdateExtraTime:5.0]]
LogConfig: Setting CVar [[s.LevelStreamingComponentsRegistrationGranularity:10]]
LogConfig: Setting CVar [[s.UnregisterComponentsTimeLimit:1.0]]
LogConfig: Setting CVar [[s.LevelStreamingComponentsUnregistrationGranularity:5]]
LogConfig: Setting CVar [[s.FlushStreamingOnExit:1]]
LogInit: Object subsystem initialized
LogConfig: Setting CVar [[con.DebugEarlyDefault:1]]
LogConfig: Setting CVar [[r.setres:1280x720]]
[2022.03.04-16.56.32:252][  0]LogConfig: Setting CVar [[r.VSync:0]]
[2022.03.04-16.56.32:252][  0]LogConfig: Setting CVar [[r.RHICmdBypass:0]]
[2022.03.04-16.56.32:252][  0]LogConfig: Applying CVar settings from Section [/Script/Engine.RendererSettings] File [C:/Users/seana/Game Repos/UnrealEngine/BuildingEscape/BuildingEscape/Saved/Config/Windows/Engine.ini]
[2022.03.04-16.56.32:252][  0]LogConfig: Setting CVar [[r.GPUCrashDebugging:0]]
[2022.03.04-16.56.32:252][  0]LogConfig: Applying CVar settings from Section [/Script/Engine.RendererOverrideSettings] File [C:/Users/seana/Game Repos/UnrealEngine/BuildingEscape/BuildingEscape/Saved/Config/Windows/Engine.ini]
[2022.03.04-16.56.32:252][  0]LogConfig: Applying CVar settings from Section [/Script/Engine.StreamingSettings] File [C:/Users/seana/Game Repos/UnrealEngine/BuildingEscape/BuildingEscape/Saved/Config/Windows/Engine.ini]
[2022.03.04-16.56.32:252][  0]LogConfig: Setting CVar [[s.MinBulkDataSizeForAsyncLoading:131072]]
[2022.03.04-16.56.32:252][  0]LogConfig: Setting CVar [[s.AsyncLoadingThreadEnabled:0]]
[2022.03.04-16.56.32:252][  0]LogConfig: Setting CVar [[s.EventDrivenLoaderEnabled:1]]
[2022.03.04-16.56.32:252][  0]LogConfig: Setting CVar [[s.WarnIfTimeLimitExceeded:0]]
[2022.03.04-16.56.32:252][  0]LogConfig: Setting CVar [[s.TimeLimitExceededMultiplier:1.5]]
[2022.03.04-16.56.32:252][  0]LogConfig: Setting CVar [[s.TimeLimitExceededMinTime:0.005]]
[2022.03.04-16.56.32:252][  0]LogConfig: Setting CVar [[s.UseBackgroundLevelStreaming:1]]
[2022.03.04-16.56.32:252][  0]LogConfig: Setting CVar [[s.PriorityAsyncLoadingExtraTime:15.0]]
[2022.03.04-16.56.32:252][  0]LogConfig: Setting CVar [[s.LevelStreamingActorsUpdateTimeLimit:5.0]]
[2022.03.04-16.56.32:252][  0]LogConfig: Setting CVar [[s.PriorityLevelStreamingActorsUpdateExtraTime:5.0]]
[2022.03.04-16.56.32:252][  0]LogConfig: Setting CVar [[s.LevelStreamingComponentsRegistrationGranularity:10]]
[2022.03.04-16.56.32:252][  0]LogConfig: Setting CVar [[s.UnregisterComponentsTimeLimit:1.0]]
[2022.03.04-16.56.32:252][  0]LogConfig: Setting CVar [[s.LevelStreamingComponentsUnregistrationGranularity:5]]
[2022.03.04-16.56.32:252][  0]LogConfig: Setting CVar [[s.FlushStreamingOnExit:1]]
[2022.03.04-16.56.32:252][  0]LogConfig: Applying CVar settings from Section [/Script/Engine.GarbageCollectionSettings] File [C:/Users/seana/Game Repos/UnrealEngine/BuildingEscape/BuildingEscape/Saved/Config/Windows/Engine.ini]
[2022.03.04-16.56.32:252][  0]LogConfig: Setting CVar [[gc.MaxObjectsNotConsideredByGC:1]]
[2022.03.04-16.56.32:252][  0]LogConfig: Setting CVar [[gc.SizeOfPermanentObjectPool:0]]
[2022.03.04-16.56.32:252][  0]LogConfig: Setting CVar [[gc.FlushStreamingOnGC:0]]
[2022.03.04-16.56.32:253][  0]LogConfig: Setting CVar [[gc.NumRetriesBeforeForcingGC:10]]
[2022.03.04-16.56.32:253][  0]LogConfig: Setting CVar [[gc.AllowParallelGC:1]]
[2022.03.04-16.56.32:253][  0]LogConfig: Setting CVar [[gc.TimeBetweenPurgingPendingKillObjects:61.1]]
[2022.03.04-16.56.32:253][  0]LogConfig: Setting CVar [[gc.MaxObjectsInEditor:25165824]]
[2022.03.04-16.56.32:253][  0]LogConfig: Setting CVar [[gc.IncrementalBeginDestroyEnabled:1]]
[2022.03.04-16.56.32:253][  0]LogConfig: Setting CVar [[gc.CreateGCClusters:1]]
[2022.03.04-16.56.32:253][  0]LogConfig: Setting CVar [[gc.MinGCClusterSize:5]]
[2022.03.04-16.56.32:253][  0]LogConfig: Setting CVar [[gc.ActorClusteringEnabled:0]]
[2022.03.04-16.56.32:253][  0]LogConfig: Setting CVar [[gc.BlueprintClusteringEnabled:0]]
[2022.03.04-16.56.32:253][  0]LogConfig: Setting CVar [[gc.UseDisregardForGCOnDedicatedServers:0]]
[2022.03.04-16.56.32:253][  0]LogConfig: Setting CVar [[gc.MultithreadedDestructionEnabled:1]]
[2022.03.04-16.56.32:253][  0]LogConfig: Applying CVar settings from Section [/Script/Engine.NetworkSettings] File [C:/Users/seana/Game Repos/UnrealEngine/BuildingEscape/BuildingEscape/Saved/Config/Windows/Engine.ini]
[2022.03.04-16.56.32:253][  0]LogConfig: Applying CVar settings from Section [/Script/UnrealEd.CookerSettings] File [C:/Users/seana/Game Repos/UnrealEngine/BuildingEscape/BuildingEscape/Saved/Config/Windows/Engine.ini]
[2022.03.04-16.56.32:266][  0]LogConfig: Applying CVar settings from Section [ViewDistanceQuality@3] File [C:/Users/seana/Game Repos/UnrealEngine/BuildingEscape/BuildingEscape/Saved/Config/Windows/Scalability.ini]
[2022.03.04-16.56.32:266][  0]LogConfig: Setting CVar [[r.SkeletalMeshLODBias:0]]
[2022.03.04-16.56.32:266][  0]LogConfig: Setting CVar [[r.ViewDistanceScale:1.0]]
[2022.03.04-16.56.32:266][  0]LogConfig: Applying CVar settings from Section [AntiAliasingQuality@3] File [C:/Users/seana/Game Repos/UnrealEngine/BuildingEscape/BuildingEscape/Saved/Config/Windows/Scalability.ini]
[2022.03.04-16.56.32:266][  0]LogConfig: Setting CVar [[r.PostProcessAAQuality:4]]
[2022.03.04-16.56.32:266][  0]LogConfig: Applying CVar settings from Section [ShadowQuality@3] File [C:/Users/seana/Game Repos/UnrealEngine/BuildingEscape/BuildingEscape/Saved/Config/Windows/Scalability.ini]
[2022.03.04-16.56.32:266][  0]LogConfig: Setting CVar [[r.LightFunctionQuality:1]]
[2022.03.04-16.56.32:266][  0]LogConfig: Setting CVar [[r.ShadowQuality:5]]
[2022.03.04-16.56.32:266][  0]LogConfig: Setting CVar [[r.Shadow.CSM.MaxCascades:10]]
[2022.03.04-16.56.32:266][  0]LogConfig: Setting CVar [[r.Shadow.MaxResolution:2048]]
[2022.03.04-16.56.32:266][  0]LogConfig: Setting CVar [[r.Shadow.MaxCSMResolution:2048]]
[2022.03.04-16.56.32:266][  0]LogConfig: Setting CVar [[r.Shadow.RadiusThreshold:0.01]]
[2022.03.04-16.56.32:266][  0]LogConfig: Setting CVar [[r.Shadow.DistanceScale:1.0]]
[2022.03.04-16.56.32:266][  0]LogConfig: Setting CVar [[r.Shadow.CSM.TransitionScale:1.0]]
[2022.03.04-16.56.32:266][  0]LogConfig: Setting CVar [[r.Shadow.PreShadowResolutionFactor:1.0]]
[2022.03.04-16.56.32:266][  0]LogConfig: Setting CVar [[r.DistanceFieldShadowing:1]]
[2022.03.04-16.56.32:266][  0]LogConfig: Setting CVar [[r.DistanceFieldAO:1]]
[2022.03.04-16.56.32:266][  0]LogConfig: Setting CVar [[r.AOQuality:2]]
[2022.03.04-16.56.32:266][  0]LogConfig: Setting CVar [[r.VolumetricFog:1]]
[2022.03.04-16.56.32:266][  0]LogConfig: Setting CVar [[r.VolumetricFog.GridPixelSize:8]]
[2022.03.04-16.56.32:266][  0]LogConfig: Setting CVar [[r.VolumetricFog.GridSizeZ:128]]
[2022.03.04-16.56.32:266][  0]LogConfig: Setting CVar [[r.VolumetricFog.HistoryMissSupersampleCount:4]]
[2022.03.04-16.56.32:266][  0]LogConfig: Setting CVar [[r.LightMaxDrawDistanceScale:1]]
[2022.03.04-16.56.32:266][  0]LogConfig: Setting CVar [[r.CapsuleShadows:1]]
[2022.03.04-16.56.32:266][  0]LogConfig: Applying CVar settings from Section [PostProcessQuality@3] File [C:/Users/seana/Game Repos/UnrealEngine/BuildingEscape/BuildingEscape/Saved/Config/Windows/Scalability.ini]
[2022.03.04-16.56.32:266][  0]LogConfig: Setting CVar [[r.MotionBlurQuality:4]]
[2022.03.04-16.56.32:266][  0]LogConfig: Setting CVar [[r.AmbientOcclusionMipLevelFactor:0.4]]
[2022.03.04-16.56.32:266][  0]LogConfig: Setting CVar [[r.AmbientOcclusionMaxQuality:100]]
[2022.03.04-16.56.32:266][  0]LogConfig: Setting CVar [[r.AmbientOcclusionLevels:-1]]
[2022.03.04-16.56.32:266][  0]LogConfig: Setting CVar [[r.AmbientOcclusionRadiusScale:1.0]]
[2022.03.04-16.56.32:266][  0]LogConfig: Setting CVar [[r.DepthOfFieldQuality:2]]
[2022.03.04-16.56.32:266][  0]LogConfig: Setting CVar [[r.RenderTargetPoolMin:400]]
[2022.03.04-16.56.32:266][  0]LogConfig: Setting CVar [[r.LensFlareQuality:2]]
[2022.03.04-16.56.32:266][  0]LogConfig: Setting CVar [[r.SceneColorFringeQuality:1]]
[2022.03.04-16.56.32:266][  0]LogConfig: Setting CVar [[r.EyeAdaptationQuality:2]]
[2022.03.04-16.56.32:266][  0]LogConfig: Setting CVar [[r.BloomQuality:5]]
[2022.03.04-16.56.32:266][  0]LogConfig: Setting CVar [[r.FastBlurThreshold:100]]
[2022.03.04-16.56.32:266][  0]LogConfig: Setting CVar [[r.Upscale.Quality:3]]
[2022.03.04-16.56.32:266][  0]LogConfig: Setting CVar [[r.Tonemapper.GrainQuantization:1]]
[2022.03.04-16.56.32:266][  0]LogConfig: Setting CVar [[r.LightShaftQuality:1]]
[2022.03.04-16.56.32:266][  0]LogConfig: Setting CVar [[r.Filter.SizeScale:1]]
[2022.03.04-16.56.32:266][  0]LogConfig: Setting CVar [[r.Tonemapper.Quality:5]]
[2022.03.04-16.56.32:266][  0]LogConfig: Setting CVar [[r.DOF.Gather.AccumulatorQuality:1        ; higher gathering accumulator quality]]
[2022.03.04-16.56.32:266][  0]LogConfig: Setting CVar [[r.DOF.Gather.PostfilterMethod:1          ; Median3x3 postfilering method]]
[2022.03.04-16.56.32:266][  0]LogConfig: Setting CVar [[r.DOF.Gather.EnableBokehSettings:0       ; no bokeh simulation when gathering]]
[2022.03.04-16.56.32:266][  0]LogConfig: Setting CVar [[r.DOF.Gather.RingCount:4                 ; medium number of samples when gathering]]
[2022.03.04-16.56.32:266][  0]LogConfig: Setting CVar [[r.DOF.Scatter.ForegroundCompositing:1    ; additive foreground scattering]]
[2022.03.04-16.56.32:266][  0]LogConfig: Setting CVar [[r.DOF.Scatter.BackgroundCompositing:2    ; additive background scattering]]
[2022.03.04-16.56.32:266][  0]LogConfig: Setting CVar [[r.DOF.Scatter.EnableBokehSettings:1      ; bokeh simulation when scattering]]
[2022.03.04-16.56.32:266][  0]LogConfig: Setting CVar [[r.DOF.Scatter.MaxSpriteRatio:0.1         ; only a maximum of 10% of scattered bokeh]]
[2022.03.04-16.56.32:266][  0]LogConfig: Setting CVar [[r.DOF.Recombine.Quality:1                ; cheap slight out of focus]]
[2022.03.04-16.56.32:266][  0]LogConfig: Setting CVar [[r.DOF.Recombine.EnableBokehSettings:0    ; no bokeh simulation on slight out of focus]]
[2022.03.04-16.56.32:266][  0]LogConfig: Setting CVar [[r.DOF.TemporalAAQuality:1                ; more stable temporal accumulation]]
[2022.03.04-16.56.32:266][  0]LogConfig: Setting CVar [[r.DOF.Kernel.MaxForegroundRadius:0.025]]
[2022.03.04-16.56.32:266][  0]LogConfig: Setting CVar [[r.DOF.Kernel.MaxBackgroundRadius:0.025]]
[2022.03.04-16.56.32:266][  0]LogConfig: Applying CVar settings from Section [TextureQuality@3] File [C:/Users/seana/Game Repos/UnrealEngine/BuildingEscape/BuildingEscape/Saved/Config/Windows/Scalability.ini]
[2022.03.04-16.56.32:266][  0]LogConfig: Setting CVar [[r.Streaming.MipBias:0]]
[2022.03.04-16.56.32:267][  0]LogConfig: Setting CVar [[r.Streaming.AmortizeCPUToGPUCopy:0]]
[2022.03.04-16.56.32:267][  0]LogConfig: Setting CVar [[r.Streaming.MaxNumTexturesToStreamPerFrame:0]]
[2022.03.04-16.56.32:267][  0]LogConfig: Setting CVar [[r.Streaming.Boost:1]]
[2022.03.04-16.56.32:267][  0]LogConfig: Setting CVar [[r.MaxAnisotropy:8]]
[2022.03.04-16.56.32:267][  0]LogConfig: Setting CVar [[r.VT.MaxAnisotropy:8]]
[2022.03.04-16.56.32:267][  0]LogConfig: Setting CVar [[r.Streaming.LimitPoolSizeToVRAM:0]]
[2022.03.04-16.56.32:267][  0]LogConfig: Setting CVar [[r.Streaming.PoolSize:1000]]
[2022.03.04-16.56.32:267][  0]LogConfig: Setting CVar [[r.Streaming.MaxEffectiveScreenSize:0]]
[2022.03.04-16.56.32:267][  0]LogConfig: Applying CVar settings from Section [EffectsQuality@3] File [C:/Users/seana/Game Repos/UnrealEngine/BuildingEscape/BuildingEscape/Saved/Config/Windows/Scalability.ini]
[2022.03.04-16.56.32:267][  0]LogConfig: Setting CVar [[r.TranslucencyLightingVolumeDim:64]]
[2022.03.04-16.56.32:267][  0]LogConfig: Setting CVar [[r.RefractionQuality:2]]
[2022.03.04-16.56.32:267][  0]LogConfig: Setting CVar [[r.SSR.Quality:3]]
[2022.03.04-16.56.32:267][  0]LogConfig: Setting CVar [[r.SSR.HalfResSceneColor:0]]
[2022.03.04-16.56.32:267][  0]LogConfig: Setting CVar [[r.SceneColorFormat:4]]
[2022.03.04-16.56.32:267][  0]LogConfig: Setting CVar [[r.DetailMode:2]]
[2022.03.04-16.56.32:267][  0]LogConfig: Setting CVar [[r.TranslucencyVolumeBlur:1]]
[2022.03.04-16.56.32:267][  0]LogConfig: Setting CVar [[r.MaterialQualityLevel:1 ; High quality]]
[2022.03.04-16.56.32:267][  0]LogConfig: Setting CVar [[r.AnisotropicMaterials:1]]
[2022.03.04-16.56.32:267][  0]LogConfig: Setting CVar [[r.SSS.Scale:1]]
[2022.03.04-16.56.32:267][  0]LogConfig: Setting CVar [[r.SSS.SampleSet:2]]
[2022.03.04-16.56.32:267][  0]LogConfig: Setting CVar [[r.SSS.Quality:1]]
[2022.03.04-16.56.32:267][  0]LogConfig: Setting CVar [[r.SSS.HalfRes:0]]
[2022.03.04-16.56.32:267][  0]LogConfig: Setting CVar [[r.SSGI.Quality:3]]
[2022.03.04-16.56.32:267][  0]LogConfig: Setting CVar [[r.EmitterSpawnRateScale:1.0]]
[2022.03.04-16.56.32:267][  0]LogConfig: Setting CVar [[r.ParticleLightQuality:2]]
[2022.03.04-16.56.32:267][  0]LogConfig: Setting CVar [[r.SkyAtmosphere.AerialPerspectiveLUT.FastApplyOnOpaque:1 ; Always have FastSkyLUT 1 in this case to avoid wrong sky]]
[2022.03.04-16.56.32:267][  0]LogConfig: Setting CVar [[r.SkyAtmosphere.AerialPerspectiveLUT.SampleCountMaxPerSlice:4]]
[2022.03.04-16.56.32:267][  0]LogConfig: Setting CVar [[r.SkyAtmosphere.AerialPerspectiveLUT.DepthResolution:16.0]]
[2022.03.04-16.56.32:267][  0]LogConfig: Setting CVar [[r.SkyAtmosphere.FastSkyLUT:1]]
[2022.03.04-16.56.32:267][  0]LogConfig: Setting CVar [[r.SkyAtmosphere.FastSkyLUT.SampleCountMin:4.0]]
[2022.03.04-16.56.32:267][  0]LogConfig: Setting CVar [[r.SkyAtmosphere.FastSkyLUT.SampleCountMax:128.0]]
[2022.03.04-16.56.32:267][  0]LogConfig: Setting CVar [[r.SkyAtmosphere.SampleCountMin:4.0]]
[2022.03.04-16.56.32:267][  0]LogConfig: Setting CVar [[r.SkyAtmosphere.SampleCountMax:128.0]]
[2022.03.04-16.56.32:267][  0]LogConfig: Setting CVar [[r.SkyAtmosphere.TransmittanceLUT.UseSmallFormat:0]]
[2022.03.04-16.56.32:267][  0]LogConfig: Setting CVar [[r.SkyAtmosphere.TransmittanceLUT.SampleCount:10.0]]
[2022.03.04-16.56.32:267][  0]LogConfig: Setting CVar [[r.SkyAtmosphere.MultiScatteringLUT.SampleCount:15.0]]
[2022.03.04-16.56.32:267][  0]LogConfig: Setting CVar [[r.SkyLight.RealTimeReflectionCapture:1]]
[2022.03.04-16.56.32:267][  0]LogConfig: Applying CVar settings from Section [FoliageQuality@3] File [C:/Users/seana/Game Repos/UnrealEngine/BuildingEscape/BuildingEscape/Saved/Config/Windows/Scalability.ini]
[2022.03.04-16.56.32:267][  0]LogConfig: Setting CVar [[foliage.DensityScale:1.0]]
[2022.03.04-16.56.32:267][  0]LogConfig: Setting CVar [[grass.DensityScale:1.0]]
[2022.03.04-16.56.32:267][  0]LogConfig: Applying CVar settings from Section [ShadingQuality@3] File [C:/Users/seana/Game Repos/UnrealEngine/BuildingEscape/BuildingEscape/Saved/Config/Windows/Scalability.ini]
[2022.03.04-16.56.32:267][  0]LogConfig: Setting CVar [[r.HairStrands.SkyLighting.IntegrationType:2]]
[2022.03.04-16.56.32:267][  0]LogConfig: Setting CVar [[r.HairStrands.SkyAO.SampleCount:4]]
[2022.03.04-16.56.32:267][  0]LogConfig: Setting CVar [[r.HairStrands.Visibility.MSAA.SamplePerPixel:4]]
[2022.03.04-16.56.32:267][  0]LogInit: Selected Device Profile: [Windows]
[2022.03.04-16.56.32:267][  0]LogInit: Applying CVar settings loaded from the selected device profile: [Windows]
[2022.03.04-16.56.32:267][  0]LogHAL: Display: Platform has ~ 16 GB [17105289216 / 17179869184 / 16], which maps to Larger [LargestMinGB=32, LargerMinGB=12, DefaultMinGB=8, SmallerMinGB=6, SmallestMinGB=0)
[2022.03.04-16.56.32:267][  0]LogInit: Going up to parent DeviceProfile []
[2022.03.04-16.56.32:267][  0]LogConfig: Applying CVar settings from Section [ViewDistanceQuality@3] File [C:/Users/seana/Game Repos/UnrealEngine/BuildingEscape/BuildingEscape/Saved/Config/Windows/Scalability.ini]
[2022.03.04-16.56.32:267][  0]LogConfig: Setting CVar [[r.SkeletalMeshLODBias:0]]
[2022.03.04-16.56.32:267][  0]LogConfig: Setting CVar [[r.ViewDistanceScale:1.0]]
[2022.03.04-16.56.32:267][  0]LogConfig: Applying CVar settings from Section [AntiAliasingQuality@3] File [C:/Users/seana/Game Repos/UnrealEngine/BuildingEscape/BuildingEscape/Saved/Config/Windows/Scalability.ini]
[2022.03.04-16.56.32:267][  0]LogConfig: Setting CVar [[r.PostProcessAAQuality:4]]
[2022.03.04-16.56.32:267][  0]LogConfig: Applying CVar settings from Section [ShadowQuality@3] File [C:/Users/seana/Game Repos/UnrealEngine/BuildingEscape/BuildingEscape/Saved/Config/Windows/Scalability.ini]
[2022.03.04-16.56.32:267][  0]LogConfig: Setting CVar [[r.LightFunctionQuality:1]]
[2022.03.04-16.56.32:267][  0]LogConfig: Setting CVar [[r.ShadowQuality:5]]
[2022.03.04-16.56.32:267][  0]LogConfig: Setting CVar [[r.Shadow.CSM.MaxCascades:10]]
[2022.03.04-16.56.32:267][  0]LogConfig: Setting CVar [[r.Shadow.MaxResolution:2048]]
[2022.03.04-16.56.32:267][  0]LogConfig: Setting CVar [[r.Shadow.MaxCSMResolution:2048]]
[2022.03.04-16.56.32:267][  0]LogConfig: Setting CVar [[r.Shadow.RadiusThreshold:0.01]]
[2022.03.04-16.56.32:267][  0]LogConfig: Setting CVar [[r.Shadow.DistanceScale:1.0]]
[2022.03.04-16.56.32:267][  0]LogConfig: Setting CVar [[r.Shadow.CSM.TransitionScale:1.0]]
[2022.03.04-16.56.32:267][  0]LogConfig: Setting CVar [[r.Shadow.PreShadowResolutionFactor:1.0]]
[2022.03.04-16.56.32:267][  0]LogConfig: Setting CVar [[r.DistanceFieldShadowing:1]]
[2022.03.04-16.56.32:267][  0]LogConfig: Setting CVar [[r.DistanceFieldAO:1]]
[2022.03.04-16.56.32:267][  0]LogConfig: Setting CVar [[r.AOQuality:2]]
[2022.03.04-16.56.32:267][  0]LogConfig: Setting CVar [[r.VolumetricFog:1]]
[2022.03.04-16.56.32:267][  0]LogConfig: Setting CVar [[r.VolumetricFog.GridPixelSize:8]]
[2022.03.04-16.56.32:267][  0]LogConfig: Setting CVar [[r.VolumetricFog.GridSizeZ:128]]
[2022.03.04-16.56.32:267][  0]LogConfig: Setting CVar [[r.VolumetricFog.HistoryMissSupersampleCount:4]]
[2022.03.04-16.56.32:267][  0]LogConfig: Setting CVar [[r.LightMaxDrawDistanceScale:1]]
[2022.03.04-16.56.32:267][  0]LogConfig: Setting CVar [[r.CapsuleShadows:1]]
[2022.03.04-16.56.32:267][  0]LogConfig: Applying CVar settings from Section [PostProcessQuality@3] File [C:/Users/seana/Game Repos/UnrealEngine/BuildingEscape/BuildingEscape/Saved/Config/Windows/Scalability.ini]
[2022.03.04-16.56.32:267][  0]LogConfig: Setting CVar [[r.MotionBlurQuality:4]]
[2022.03.04-16.56.32:267][  0]LogConfig: Setting CVar [[r.AmbientOcclusionMipLevelFactor:0.4]]
[2022.03.04-16.56.32:267][  0]LogConfig: Setting CVar [[r.AmbientOcclusionMaxQuality:100]]
[2022.03.04-16.56.32:267][  0]LogConfig: Setting CVar [[r.AmbientOcclusionLevels:-1]]
[2022.03.04-16.56.32:267][  0]LogConfig: Setting CVar [[r.AmbientOcclusionRadiusScale:1.0]]
[2022.03.04-16.56.32:267][  0]LogConfig: Setting CVar [[r.DepthOfFieldQuality:2]]
[2022.03.04-16.56.32:267][  0]LogConfig: Setting CVar [[r.RenderTargetPoolMin:400]]
[2022.03.04-16.56.32:267][  0]LogConfig: Setting CVar [[r.LensFlareQuality:2]]
[2022.03.04-16.56.32:267][  0]LogConfig: Setting CVar [[r.SceneColorFringeQuality:1]]
[2022.03.04-16.56.32:267][  0]LogConfig: Setting CVar [[r.EyeAdaptationQuality:2]]
[2022.03.04-16.56.32:267][  0]LogConfig: Setting CVar [[r.BloomQuality:5]]
[2022.03.04-16.56.32:267][  0]LogConfig: Setting CVar [[r.FastBlurThreshold:100]]
[2022.03.04-16.56.32:267][  0]LogConfig: Setting CVar [[r.Upscale.Quality:3]]
[2022.03.04-16.56.32:267][  0]LogConfig: Setting CVar [[r.Tonemapper.GrainQuantization:1]]
[2022.03.04-16.56.32:267][  0]LogConfig: Setting CVar [[r.LightShaftQuality:1]]
[2022.03.04-16.56.32:267][  0]LogConfig: Setting CVar [[r.Filter.SizeScale:1]]
[2022.03.04-16.56.32:268][  0]LogConfig: Setting CVar [[r.Tonemapper.Quality:5]]
[2022.03.04-16.56.32:268][  0]LogConfig: Setting CVar [[r.DOF.Gather.AccumulatorQuality:1        ; higher gathering accumulator quality]]
[2022.03.04-16.56.32:268][  0]LogConfig: Setting CVar [[r.DOF.Gather.PostfilterMethod:1          ; Median3x3 postfilering method]]
[2022.03.04-16.56.32:268][  0]LogConfig: Setting CVar [[r.DOF.Gather.EnableBokehSettings:0       ; no bokeh simulation when gathering]]
[2022.03.04-16.56.32:268][  0]LogConfig: Setting CVar [[r.DOF.Gather.RingCount:4                 ; medium number of samples when gathering]]
[2022.03.04-16.56.32:268][  0]LogConfig: Setting CVar [[r.DOF.Scatter.ForegroundCompositing:1    ; additive foreground scattering]]
[2022.03.04-16.56.32:268][  0]LogConfig: Setting CVar [[r.DOF.Scatter.BackgroundCompositing:2    ; additive background scattering]]
[2022.03.04-16.56.32:268][  0]LogConfig: Setting CVar [[r.DOF.Scatter.EnableBokehSettings:1      ; bokeh simulation when scattering]]
[2022.03.04-16.56.32:268][  0]LogConfig: Setting CVar [[r.DOF.Scatter.MaxSpriteRatio:0.1         ; only a maximum of 10% of scattered bokeh]]
[2022.03.04-16.56.32:268][  0]LogConfig: Setting CVar [[r.DOF.Recombine.Quality:1                ; cheap slight out of focus]]
[2022.03.04-16.56.32:268][  0]LogConfig: Setting CVar [[r.DOF.Recombine.EnableBokehSettings:0    ; no bokeh simulation on slight out of focus]]
[2022.03.04-16.56.32:268][  0]LogConfig: Setting CVar [[r.DOF.TemporalAAQuality:1                ; more stable temporal accumulation]]
[2022.03.04-16.56.32:268][  0]LogConfig: Setting CVar [[r.DOF.Kernel.MaxForegroundRadius:0.025]]
[2022.03.04-16.56.32:268][  0]LogConfig: Setting CVar [[r.DOF.Kernel.MaxBackgroundRadius:0.025]]
[2022.03.04-16.56.32:268][  0]LogConfig: Applying CVar settings from Section [TextureQuality@3] File [C:/Users/seana/Game Repos/UnrealEngine/BuildingEscape/BuildingEscape/Saved/Config/Windows/Scalability.ini]
[2022.03.04-16.56.32:268][  0]LogConfig: Setting CVar [[r.Streaming.MipBias:0]]
[2022.03.04-16.56.32:268][  0]LogConfig: Setting CVar [[r.Streaming.AmortizeCPUToGPUCopy:0]]
[2022.03.04-16.56.32:268][  0]LogConfig: Setting CVar [[r.Streaming.MaxNumTexturesToStreamPerFrame:0]]
[2022.03.04-16.56.32:268][  0]LogConfig: Setting CVar [[r.Streaming.Boost:1]]
[2022.03.04-16.56.32:268][  0]LogConfig: Setting CVar [[r.MaxAnisotropy:8]]
[2022.03.04-16.56.32:268][  0]LogConfig: Setting CVar [[r.VT.MaxAnisotropy:8]]
[2022.03.04-16.56.32:268][  0]LogConfig: Setting CVar [[r.Streaming.LimitPoolSizeToVRAM:0]]
[2022.03.04-16.56.32:268][  0]LogConfig: Setting CVar [[r.Streaming.PoolSize:1000]]
[2022.03.04-16.56.32:268][  0]LogConfig: Setting CVar [[r.Streaming.MaxEffectiveScreenSize:0]]
[2022.03.04-16.56.32:268][  0]LogConfig: Applying CVar settings from Section [EffectsQuality@3] File [C:/Users/seana/Game Repos/UnrealEngine/BuildingEscape/BuildingEscape/Saved/Config/Windows/Scalability.ini]
[2022.03.04-16.56.32:268][  0]LogConfig: Setting CVar [[r.TranslucencyLightingVolumeDim:64]]
[2022.03.04-16.56.32:268][  0]LogConfig: Setting CVar [[r.RefractionQuality:2]]
[2022.03.04-16.56.32:268][  0]LogConfig: Setting CVar [[r.SSR.Quality:3]]
[2022.03.04-16.56.32:268][  0]LogConfig: Setting CVar [[r.SSR.HalfResSceneColor:0]]
[2022.03.04-16.56.32:268][  0]LogConfig: Setting CVar [[r.SceneColorFormat:4]]
[2022.03.04-16.56.32:268][  0]LogConfig: Setting CVar [[r.DetailMode:2]]
[2022.03.04-16.56.32:268][  0]LogConfig: Setting CVar [[r.TranslucencyVolumeBlur:1]]
[2022.03.04-16.56.32:268][  0]LogConfig: Setting CVar [[r.MaterialQualityLevel:1 ; High quality]]
[2022.03.04-16.56.32:268][  0]LogConfig: Setting CVar [[r.AnisotropicMaterials:1]]
[2022.03.04-16.56.32:268][  0]LogConfig: Setting CVar [[r.SSS.Scale:1]]
[2022.03.04-16.56.32:268][  0]LogConfig: Setting CVar [[r.SSS.SampleSet:2]]
[2022.03.04-16.56.32:268][  0]LogConfig: Setting CVar [[r.SSS.Quality:1]]
[2022.03.04-16.56.32:268][  0]LogConfig: Setting CVar [[r.SSS.HalfRes:0]]
[2022.03.04-16.56.32:268][  0]LogConfig: Setting CVar [[r.SSGI.Quality:3]]
[2022.03.04-16.56.32:268][  0]LogConfig: Setting CVar [[r.EmitterSpawnRateScale:1.0]]
[2022.03.04-16.56.32:268][  0]LogConfig: Setting CVar [[r.ParticleLightQuality:2]]
[2022.03.04-16.56.32:268][  0]LogConfig: Setting CVar [[r.SkyAtmosphere.AerialPerspectiveLUT.FastApplyOnOpaque:1 ; Always have FastSkyLUT 1 in this case to avoid wrong sky]]
[2022.03.04-16.56.32:268][  0]LogConfig: Setting CVar [[r.SkyAtmosphere.AerialPerspectiveLUT.SampleCountMaxPerSlice:4]]
[2022.03.04-16.56.32:268][  0]LogConfig: Setting CVar [[r.SkyAtmosphere.AerialPerspectiveLUT.DepthResolution:16.0]]
[2022.03.04-16.56.32:268][  0]LogConfig: Setting CVar [[r.SkyAtmosphere.FastSkyLUT:1]]
[2022.03.04-16.56.32:268][  0]LogConfig: Setting CVar [[r.SkyAtmosphere.FastSkyLUT.SampleCountMin:4.0]]
[2022.03.04-16.56.32:268][  0]LogConfig: Setting CVar [[r.SkyAtmosphere.FastSkyLUT.SampleCountMax:128.0]]
[2022.03.04-16.56.32:268][  0]LogConfig: Setting CVar [[r.SkyAtmosphere.SampleCountMin:4.0]]
[2022.03.04-16.56.32:268][  0]LogConfig: Setting CVar [[r.SkyAtmosphere.SampleCountMax:128.0]]
[2022.03.04-16.56.32:268][  0]LogConfig: Setting CVar [[r.SkyAtmosphere.TransmittanceLUT.UseSmallFormat:0]]
[2022.03.04-16.56.32:268][  0]LogConfig: Setting CVar [[r.SkyAtmosphere.TransmittanceLUT.SampleCount:10.0]]
[2022.03.04-16.56.32:268][  0]LogConfig: Setting CVar [[r.SkyAtmosphere.MultiScatteringLUT.SampleCount:15.0]]
[2022.03.04-16.56.32:268][  0]LogConfig: Setting CVar [[r.SkyLight.RealTimeReflectionCapture:1]]
[2022.03.04-16.56.32:268][  0]LogConfig: Applying CVar settings from Section [FoliageQuality@3] File [C:/Users/seana/Game Repos/UnrealEngine/BuildingEscape/BuildingEscape/Saved/Config/Windows/Scalability.ini]
[2022.03.04-16.56.32:268][  0]LogConfig: Setting CVar [[foliage.DensityScale:1.0]]
[2022.03.04-16.56.32:268][  0]LogConfig: Setting CVar [[grass.DensityScale:1.0]]
[2022.03.04-16.56.32:268][  0]LogConfig: Applying CVar settings from Section [ShadingQuality@3] File [C:/Users/seana/Game Repos/UnrealEngine/BuildingEscape/BuildingEscape/Saved/Config/Windows/Scalability.ini]
[2022.03.04-16.56.32:268][  0]LogConfig: Setting CVar [[r.HairStrands.SkyLighting.IntegrationType:2]]
[2022.03.04-16.56.32:268][  0]LogConfig: Setting CVar [[r.HairStrands.SkyAO.SampleCount:4]]
[2022.03.04-16.56.32:268][  0]LogConfig: Setting CVar [[r.HairStrands.Visibility.MSAA.SamplePerPixel:4]]
[2022.03.04-16.56.32:268][  0]LogConfig: Applying CVar settings from Section [Startup] File [../../../Engine/Config/ConsoleVariables.ini]
[2022.03.04-16.56.32:268][  0]LogConfig: Setting CVar [[net.UseAdaptiveNetUpdateFrequency:0]]
[2022.03.04-16.56.32:268][  0]LogConfig: Setting CVar [[p.chaos.AllowCreatePhysxBodies:1]]
[2022.03.04-16.56.32:268][  0]LogConfig: Setting CVar [[fx.SkipVectorVMBackendOptimizations:1]]
[2022.03.04-16.56.32:268][  0]LogConfig: Applying CVar settings from Section [ConsoleVariables] File [C:/Users/seana/Game Repos/UnrealEngine/BuildingEscape/BuildingEscape/Saved/Config/Windows/Engine.ini]
[2022.03.04-16.56.32:268][  0]LogConfig: Applying CVar settings from Section [ConsoleVariables] File [C:/Users/seana/Game Repos/UnrealEngine/BuildingEscape/BuildingEscape/Saved/Config/Windows/Editor.ini]
[2022.03.04-16.56.32:268][  0]LogInit: Computer: MIKU
[2022.03.04-16.56.32:268][  0]LogInit: User: seana
[2022.03.04-16.56.32:268][  0]LogInit: CPU Page size=4096, Cores=6
[2022.03.04-16.56.32:268][  0]LogInit: High frequency timer resolution =10.000000 MHz
[2022.03.04-16.56.32:268][  0]LogMemory: Memory total: Physical=15.9GB (16GB approx)
[2022.03.04-16.56.32:268][  0]LogMemory: Platform Memory Stats for Windows
[2022.03.04-16.56.32:268][  0]LogMemory: Process Physical Memory: 143.25 MB used, 143.25 MB peak
[2022.03.04-16.56.32:268][  0]LogMemory: Process Virtual Memory: 124.05 MB used, 124.05 MB peak
[2022.03.04-16.56.32:269][  0]LogMemory: Physical Memory: 9388.92 MB used,  6923.95 MB free, 16312.88 MB total
[2022.03.04-16.56.32:269][  0]LogMemory: Virtual Memory: 134211840.00 MB used,  5885.35 MB free, 134217728.00 MB total
[2022.03.04-16.56.32:273][  0]LogWindows: WindowsPlatformFeatures enabled
[2022.03.04-16.56.32:294][  0]LogInit: Physics initialised using underlying interface: PhysX
[2022.03.04-16.56.32:295][  0]LogInit: Using OS detected language (en-US).
[2022.03.04-16.56.32:295][  0]LogInit: Using OS detected locale (en-US).
[2022.03.04-16.56.32:299][  0]LogTextLocalizationManager: No specific localization for 'en-US' exists, so the 'en' localization will be used.
[2022.03.04-16.56.32:484][  0]LogInit: Setting process to per monitor DPI aware
[2022.03.04-16.56.32:496][  0]LogWindowsTextInputMethodSystem: Display: IME system deactivated.
[2022.03.04-16.56.32:505][  0]LogSlate: New Slate User Created.  User Index 0, Is Virtual User: 0
[2022.03.04-16.56.32:505][  0]LogSlate: Slate User Registered.  User Index 0, Is Virtual User: 0
[2022.03.04-16.56.32:594][  0]LogD3D11RHI: Loaded GFSDK_Aftermath_Lib.x64.dll
[2022.03.04-16.56.32:597][  0]LogHMD: Failed to initialize OpenVR with code 110
[2022.03.04-16.56.32:597][  0]LogD3D11RHI: D3D11 min allowed feature level: 11_0
[2022.03.04-16.56.32:597][  0]LogD3D11RHI: D3D11 max allowed feature level: 11_0
[2022.03.04-16.56.32:597][  0]LogD3D11RHI: D3D11 adapters:
[2022.03.04-16.56.32:672][  0]LogD3D11RHI:    0. 'Radeon (TM) RX 480 Graphics' (Feature Level 11_0)
[2022.03.04-16.56.32:672][  0]LogD3D11RHI:       8171/0/8156 MB DedicatedVideo/DedicatedSystem/SharedSystem, Outputs:2, VendorId:0x1002
[2022.03.04-16.56.32:674][  0]LogD3D11RHI:    1. 'Microsoft Basic Render Driver' (Feature Level 11_0)
[2022.03.04-16.56.32:674][  0]LogD3D11RHI:       0/0/8156 MB DedicatedVideo/DedicatedSystem/SharedSystem, Outputs:0, VendorId:0x1414
[2022.03.04-16.56.32:674][  0]LogD3D11RHI: Chosen D3D11 Adapter:
[2022.03.04-16.56.32:674][  0]LogD3D11RHI:     Description : Radeon (TM) RX 480 Graphics
[2022.03.04-16.56.32:674][  0]LogD3D11RHI:     VendorId    : 1002
[2022.03.04-16.56.32:674][  0]LogD3D11RHI:     DeviceId    : 67df
[2022.03.04-16.56.32:674][  0]LogD3D11RHI:     SubSysId    : 34131462
[2022.03.04-16.56.32:674][  0]LogD3D11RHI:     Revision    : 00c7
[2022.03.04-16.56.32:674][  0]LogD3D11RHI:     DedicatedVideoMemory : 8568401920 bytes
[2022.03.04-16.56.32:674][  0]LogD3D11RHI:     DedicatedSystemMemory : 0 bytes
[2022.03.04-16.56.32:674][  0]LogD3D11RHI:     SharedSystemMemory : 8552644608 bytes
[2022.03.04-16.56.32:674][  0]LogD3D11RHI:     AdapterLuid : 0 32646
[2022.03.04-16.56.32:686][  0]LogD3D11RHI: Creating new Direct3DDevice
[2022.03.04-16.56.32:686][  0]LogD3D11RHI:     GPU DeviceId: 0x67df (for the marketing name, search the web for "GPU Device Id")
[2022.03.04-16.56.32:686][  0]LogWindows: EnumDisplayDevices:
[2022.03.04-16.56.32:686][  0]LogWindows:    0. 'Radeon (TM) RX 480 Graphics' (P:0 D:1)
[2022.03.04-16.56.32:687][  0]LogWindows:    1. 'Radeon (TM) RX 480 Graphics' (P:1 D:1)
[2022.03.04-16.56.32:687][  0]LogWindows:    2. 'Radeon (TM) RX 480 Graphics' (P:0 D:0)
[2022.03.04-16.56.32:687][  0]LogWindows:    3. 'Radeon (TM) RX 480 Graphics' (P:0 D:0)
[2022.03.04-16.56.32:688][  0]LogWindows:    4. 'Radeon (TM) RX 480 Graphics' (P:0 D:0)
[2022.03.04-16.56.32:688][  0]LogWindows:    5. 'Radeon (TM) RX 480 Graphics' (P:0 D:0)
[2022.03.04-16.56.32:688][  0]LogWindows:    6. 'Radeon (TM) RX 480 Graphics' (P:0 D:0)
[2022.03.04-16.56.32:688][  0]LogWindows: DebugString: FoundDriverCount:7 
[2022.03.04-16.56.32:688][  0]LogD3D11RHI:     Adapter Name: Radeon (TM) RX 480 Graphics
[2022.03.04-16.56.32:688][  0]LogD3D11RHI:   Driver Version: Adrenalin 21.30.23.01 (internal:30.0.13023.1012, unified:30.0.13023.1012)
[2022.03.04-16.56.32:688][  0]LogD3D11RHI:      Driver Date: 10-18-2021
[2022.03.04-16.56.32:688][  0]LogRHI: Texture pool is 5182 MB (70% of 7403 MB)
[2022.03.04-16.56.32:722][  0]LogD3D11RHI: Creating D3DDevice with AMD AGS, using adapter:
[2022.03.04-16.56.32:722][  0]LogD3D11RHI:     Description : Radeon (TM) RX 480 Graphics
[2022.03.04-16.56.32:722][  0]LogD3D11RHI:     VendorId    : 1002
[2022.03.04-16.56.32:722][  0]LogD3D11RHI:     DeviceId    : 67df
[2022.03.04-16.56.32:722][  0]LogD3D11RHI:     SubSysId    : 34131462
[2022.03.04-16.56.32:722][  0]LogD3D11RHI:     Revision    : 00c7
[2022.03.04-16.56.32:722][  0]LogD3D11RHI:     DedicatedVideoMemory : 8568401920 bytes
[2022.03.04-16.56.32:722][  0]LogD3D11RHI:     DedicatedSystemMemory : 0 bytes
[2022.03.04-16.56.32:722][  0]LogD3D11RHI:     SharedSystemMemory : 8552644608 bytes
[2022.03.04-16.56.32:722][  0]LogD3D11RHI:     AdapterLuid : 0 32646
[2022.03.04-16.56.32:787][  0]LogD3D11RHI: Created device via AGS, feature level 11_0, supported extensions 1fffffbf.
[2022.03.04-16.56.32:787][  0]LogD3D11RHI: RHI has support for 64 bit atomics
[2022.03.04-16.56.32:787][  0]LogD3D11RHI: Async texture creation enabled
[2022.03.04-16.56.32:787][  0]LogD3D11RHI: Array index from any shader is supported
[2022.03.04-16.56.32:799][  0]LogD3D11RHI: GPU Timing Frequency: 25.000000 (Debug: 2 1)
[2022.03.04-16.56.33:125][  0]LogTargetPlatformManager: Display: Loaded TargetPlatform 'AllDesktop'
[2022.03.04-16.56.33:153][  0]LogTargetPlatformManager: Display: Loaded TargetPlatform 'Android'
[2022.03.04-16.56.33:153][  0]LogTargetPlatformManager: Display: Loaded TargetPlatform 'Android_ASTC'
[2022.03.04-16.56.33:153][  0]LogTargetPlatformManager: Display: Loaded TargetPlatform 'Android_DXT'
[2022.03.04-16.56.33:153][  0]LogTargetPlatformManager: Display: Loaded TargetPlatform 'Android_ETC2'
[2022.03.04-16.56.33:153][  0]LogTargetPlatformManager: Display: Loaded TargetPlatform 'AndroidClient'
[2022.03.04-16.56.33:153][  0]LogTargetPlatformManager: Display: Loaded TargetPlatform 'Android_ASTCClient'
[2022.03.04-16.56.33:153][  0]LogTargetPlatformManager: Display: Loaded TargetPlatform 'Android_DXTClient'
[2022.03.04-16.56.33:153][  0]LogTargetPlatformManager: Display: Loaded TargetPlatform 'Android_ETC2Client'
[2022.03.04-16.56.33:153][  0]LogTargetPlatformManager: Display: Loaded TargetPlatform 'Android_Multi'
[2022.03.04-16.56.33:153][  0]LogTargetPlatformManager: Display: Loaded TargetPlatform 'Android_MultiClient'
[2022.03.04-16.56.33:171][  0]LogTargetPlatformManager: Display: Loaded TargetPlatform 'IOSClient'
[2022.03.04-16.56.33:171][  0]LogTargetPlatformManager: Display: Loaded TargetPlatform 'IOS'
[2022.03.04-16.56.33:180][  0]LogTargetPlatformManager: Display: Loaded TargetPlatform 'Linux'
[2022.03.04-16.56.33:185][  0]LogTargetPlatformManager: Display: Loaded TargetPlatform 'LinuxNoEditor'
[2022.03.04-16.56.33:191][  0]LogTargetPlatformManager: Display: Loaded TargetPlatform 'LinuxClient'
[2022.03.04-16.56.33:198][  0]LogTargetPlatformManager: Display: Loaded TargetPlatform 'LinuxServer'
[2022.03.04-16.56.33:208][  0]LogTargetPlatformManager: Display: Loaded TargetPlatform 'LinuxAArch64NoEditor'
[2022.03.04-16.56.33:214][  0]LogTargetPlatformManager: Display: Loaded TargetPlatform 'LinuxAArch64Client'
[2022.03.04-16.56.33:221][  0]LogTargetPlatformManager: Display: Loaded TargetPlatform 'LinuxAArch64Server'
[2022.03.04-16.56.33:257][  0]LogTargetPlatformManager: Display: Loaded TargetPlatform 'Lumin'
[2022.03.04-16.56.33:257][  0]LogTargetPlatformManager: Display: Loaded TargetPlatform 'LuminClient'
[2022.03.04-16.56.33:270][  0]LogTargetPlatformManager: Display: Loaded TargetPlatform 'MacNoEditor'
[2022.03.04-16.56.33:276][  0]LogTargetPlatformManager: Display: Loaded TargetPlatform 'Mac'
[2022.03.04-16.56.33:283][  0]LogTargetPlatformManager: Display: Loaded TargetPlatform 'MacClient'
[2022.03.04-16.56.33:289][  0]LogTargetPlatformManager: Display: Loaded TargetPlatform 'MacServer'
[2022.03.04-16.56.33:305][  0]LogTargetPlatformManager: Display: Loaded TargetPlatform 'TVOSClient'
[2022.03.04-16.56.33:305][  0]LogTargetPlatformManager: Display: Loaded TargetPlatform 'TVOS'
[2022.03.04-16.56.33:315][  0]LogTargetPlatformManager: Display: Loaded TargetPlatform 'WindowsNoEditor'
[2022.03.04-16.56.33:319][  0]LogTargetPlatformManager: Display: Loaded TargetPlatform 'Windows'
[2022.03.04-16.56.33:323][  0]LogTargetPlatformManager: Display: Loaded TargetPlatform 'WindowsClient'
[2022.03.04-16.56.33:327][  0]LogTargetPlatformManager: Display: Loaded TargetPlatform 'WindowsServer'
[2022.03.04-16.56.33:327][  0]LogTargetPlatformManager: Display: Building Assets For Windows
[2022.03.04-16.56.33:334][  0]LogAudioDebug: Display: Lib vorbis DLL was dynamically loaded.
[2022.03.04-16.56.33:366][  0]LogTextureFormatOodle: Display: Oodle Texture 2.9.0 init RDO Off
[2022.03.04-16.56.33:396][  0]LogRendererCore: Ray tracing is disabled. Reason: r.RayTracing=0.
[2022.03.04-16.56.33:396][  0]LogShaderCompilers: Guid format shader working directory is -38 characters bigger than the processId version (../../../../../../Users/seana/Game Repos/UnrealEngine/BuildingEscape/BuildingEscape/Intermediate/Shaders/WorkingDirectory/56276/).
[2022.03.04-16.56.33:396][  0]LogShaderCompilers: Cleaned the shader compiler working directory 'C:/Users/seana/AppData/Local/Temp/UnrealShaderWorkingDir/2D129EE94F67B4C3DFEA8AAF2447E915/'.
[2022.03.04-16.56.33:396][  0]LogXGEController: Cannot use XGE Controller as Incredibuild is not installed on this machine.
[2022.03.04-16.56.33:396][  0]LogShaderCompilers: Cannot use XGE Shader Compiler as Incredibuild is not installed on this machine.
[2022.03.04-16.56.33:396][  0]LogShaderCompilers: Display: Using Local Shader Compiler.
[2022.03.04-16.56.34:071][  0]LogDerivedDataCache: Display: Max Cache Size: 512 MB
[2022.03.04-16.56.34:132][  0]LogDerivedDataCache: Loaded boot cache 0.06s 94MB C:/Users/seana/AppData/Local/UnrealEngine/4.27/DerivedDataCache/Boot.ddc.
[2022.03.04-16.56.34:132][  0]LogDerivedDataCache: Display: Loaded Boot cache: C:/Users/seana/AppData/Local/UnrealEngine/4.27/DerivedDataCache/Boot.ddc
[2022.03.04-16.56.34:132][  0]LogDerivedDataCache: FDerivedDataBackendGraph:  Pak pak cache file ../../../../../../Users/seana/Game Repos/UnrealEngine/BuildingEscape/BuildingEscape/DerivedDataCache/DDC.ddp not found, will not use a pak cache.
[2022.03.04-16.56.34:132][  0]LogDerivedDataCache: Unable to find inner node Pak for hierarchical cache Hierarchy.
[2022.03.04-16.56.34:132][  0]LogDerivedDataCache: FDerivedDataBackendGraph:  CompressedPak pak cache file ../../../../../../Users/seana/Game Repos/UnrealEngine/BuildingEscape/BuildingEscape/DerivedDataCache/Compressed.ddp not found, will not use a pak cache.
[2022.03.04-16.56.34:132][  0]LogDerivedDataCache: Unable to find inner node CompressedPak for hierarchical cache Hierarchy.
[2022.03.04-16.56.34:147][  0]LogDerivedDataCache: Display: Pak cache opened for reading ../../../Engine/DerivedDataCache/Compressed.ddp.
[2022.03.04-16.56.34:147][  0]LogDerivedDataCache: FDerivedDataBackendGraph:  EnterprisePak pak cache file ../../../Enterprise/DerivedDataCache/Compressed.ddp not found, will not use a pak cache.
[2022.03.04-16.56.34:147][  0]LogDerivedDataCache: Unable to find inner node EnterprisePak for hierarchical cache Hierarchy.
[2022.03.04-16.56.34:152][  0]LogDerivedDataCache: Speed tests for C:/Users/seana/AppData/Local/UnrealEngine/Common/DerivedDataCache took 0.01 seconds
[2022.03.04-16.56.34:152][  0]LogDerivedDataCache: Display: Performance to C:/Users/seana/AppData/Local/UnrealEngine/Common/DerivedDataCache: Latency=0.03ms. RandomReadSpeed=1197.13MBs, RandomWriteSpeed=229.92MBs. Assigned SpeedClass 'Local'
[2022.03.04-16.56.34:153][  0]LogDerivedDataCache: Using Local data cache path C:/Users/seana/AppData/Local/UnrealEngine/Common/DerivedDataCache: Writable
[2022.03.04-16.56.34:153][  0]LogDerivedDataCache: Shared data cache path not found in *engine.ini, will not use an Shared cache.
[2022.03.04-16.56.34:153][  0]LogDerivedDataCache: Unable to find inner node Shared for hierarchical cache Hierarchy.
[2022.03.04-16.56.34:194][  0]LogSlate: Using FreeType 2.10.0
[2022.03.04-16.56.34:194][  0]LogSlate: SlateFontServices - WITH_FREETYPE: 1, WITH_HARFBUZZ: 1
[2022.03.04-16.56.34:213][  0]LogAssetRegistry: FAssetRegistry took 0.0023 seconds to start up
[2022.03.04-16.56.34:567][  0]LogInit: Selected Device Profile: [Windows]
[2022.03.04-16.56.34:567][  0]LogInit: Active device profile: [000001E5751F7500][000001E573A4EF80 49] Windows
[2022.03.04-16.56.34:567][  0]LogInit: Profiles: [000001E5751F7500][000001E573A4EF80 49] Windows, [000001E5751BCD00][000001E573A57100 49] WindowsNoEditor, [000001E5751F4D00][000001E573A5B280 49] WindowsServer, [000001E5751BED00][000001E573A5F400 49] WindowsClient, [000001E5751F6C00][000001E573A63580 49] IOS, [000001E5751BD600][000001E573A67700 49] iPadAir, [000001E5751F5500][000001E573A6B880 49] iPadAir2, [000001E575153C00][000001E573A73B40 49] IPadPro, [000001E575153D00][000001E573A6FB80 49] iPadAir3, [000001E5751F6600][000001E573A76180 49] iPadAir4, [000001E575151200][000001E573A7A300 49] iPadMini2, [000001E5751F5A00][000001E573A7E480 49] iPadMini3, [000001E575152700][000001E573A82600 49] iPadMini4, [000001E5751F4800][000001E573A86780 49] iPadMini5, [000001E5751A3500][000001E573A52A00 49] iPhone6, [000001E5751A3600][000001E573A8AA40 49] iPodTouch6, [000001E575150200][000001E575CF6C80 49] iPhone7, [000001E575150100][000001E575CF2CC0 49] iPodTouch7, [000001E5751A1100][000001E575CFEE40 49] iPhone5S, [000001E575150B00][000001E575D02FC0 49] iPhone6Plus, [000001E5751A2800][000001E575D07140 49] iPhone6S, [000001E575150F00][000001E575D0B2C0 49] iPhone6SPlus, [000001E5751A1900][000001E575D0F440 49] iPhone7Plus, [000001E575152400][000001E575D135C0 49] iPhoneSE, [000001E5751A3700][000001E575D17740 49] iPhone8, [000001E575153700][000001E575D1B8C0 49] iPhone8Plus, [000001E5751A2D00][000001E575D1FA40 49] iPhoneX, [000001E575153A00][000001E575D23BC0 49] iPhoneXS, [000001E5751A1200][000001E575D261C0 49] iPhoneXSMax, [000001E575150D00][000001E575D2A340 49] iPhoneXR, [000001E5751A0B00][000001E575D2E4C0 49] iPhone11, [000001E575152B00][000001E575D32640 49] iPhone11Pro, [000001E5751A2F00][000001E575D367C0 49] iPhone11ProMax, [000001E575152800][000001E575D3A940 49] iPhoneSE2, [000001E5751A1800][000001E575D3EAC0 49] iPhone12Mini, [000001E575152500][000001E575CFAC00 49] iPhone12, [000001E5751A1C00][000001E575D42D40 49] iPhone12Pro, [000001E575153400][000001E575D46E80 49] iPhone12ProMax, [000001E5751A3400][000001E575D4AFC0 49] iPadPro105, [000001E575153B00][000001E575D53140 49] iPadPro129, [000001E5751A2000][000001E575D572C0 49] iPadPro97, [000001E575150300][000001E575D5B440 49] iPadPro2_129, [000001E5751A3E00][000001E575D5F5C0 49] iPad5, [000001E575150E00][000001E575D63740 49] iPad6, [000001E5751A0A00][000001E575D678C0 49] iPad7, [000001E575152F00][000001E575D6BA40 49] iPad8, [000001E5751A1F00][000001E575D6FBC0 49] iPadPro11, [000001E575153200][000001E575D721C0 49] iPadPro2_11, [000001E5751A0500][000001E575D76340 49] iPadPro3_129, [000001E575151900][000001E575D7A4C0 49] iPadPro4_129, [000001E5751A2600][000001E575D7E640 49] AppleTV, [000001E575153E00][000001E575D827C0 49] AppleTV4K, [000001E5751A0600][000001E575D86940 49] TVOS, [000001E575151B00][000001E575D8AAC0 49] Mac, [000001E5751A0100][000001E575D8EC40 49] MacClient, [000001E575152E00][000001E575D4ED80 49] MacNoEditor, [000001E5751A0E00][000001E575D92EC0 49] MacServer, [000001E575151500][000001E575D97000 49] Linux, [000001E5751A1700][000001E575D9B140 49] LinuxAArch64, [000001E575153800][000001E575DA32C0 49] LinuxNoEditor, [000001E575241400][000001E575DA7440 49] LinuxAArch64NoEditor, [000001E5751BFD00][000001E575DAB5C0 49] LinuxClient, [000001E575242000][000001E575DAF740 49] LinuxAArch64Client, [000001E5751BCB00][000001E575DB38C0 49] LinuxServer, [000001E575240F00][000001E575DB7A40 49] LinuxAArch64Server, [000001E5751BF400][000001E575DBBBC0 49] Android, [000001E575240D00][000001E575DBE1C0 49] Android_Low, [000001E5751BD100][000001E575DC2340 49] Android_Mid, [000001E575241D00][000001E575DC64C0 49] Android_High, [000001E5751BD900][000001E575DCA640 49] Android_Default, [000001E575241E00][000001E575DE27C0 49] Android_Adreno4xx, [000001E5751BE900][000001E575E04940 49] Android_Adreno5xx_Low, [000001E575240600][000001E575E08AC0 49] Android_Adreno5xx, [000001E5751BE000][000001E575E0CC40 49] Android_Adreno6xx, [000001E575240200][000001E575E10DC0 49] Android_Adreno6xx_Vulkan, [000001E5751BFB00][000001E575E14F40 49] Android_Mali_T6xx, [000001E575152200][000001E575D9F080 49] Android_Mali_T7xx, [000001E5751A3900][000001E575E191C0 49] Android_Mali_T8xx, [000001E575152900][000001E575E1D300 49] Android_Mali_G71, [000001E5751A3C00][000001E575E25480 49] Android_Mali_G72, [000001E575151E00][000001E575E29600 49] Android_Mali_G72_Vulkan, [000001E5751A2A00][000001E575E2D780 49] Android_Mali_G76, [000001E575153100][000001E575E31900 49] Android_Mali_G76_Vulkan, [000001E5751A3200][000001E575E35A80 49] Android_Mali_G77, [000001E575153600][000001E575E39C00 49] Android_Mali_G77_Vulkan, [000001E5751A2500][000001E575E3C200 49] Android_Mali_G78, [000001E5751BF800][000001E575E40380 49] Android_Mali_G78_Vulkan, [000001E575241F00][000001E575E44500 49] Android_Mali_G710, [000001E575151800][000001E575E48680 49] Android_Mali_G710_Vulkan, [000001E575240300][000001E575E4C800 49] Android_Vulkan_SM5, [000001E575151D00][000001E575E50980 49] Android_PowerVR_G6xxx, [000001E575242500][000001E575E54B00 49] Android_PowerVR_GT7xxx, [000001E575150600][000001E575E58C80 49] Android_PowerVR_GE8xxx, [000001E575240C00][000001E575E5CE00 49] Android_PowerVR_GM9xxx, [000001E575153900][000001E575E60F80 49] Android_PowerVR_GM9xxx_Vulkan, [000001E575242300][000001E575E65100 49] Android_TegraK1, [000001E575151400][000001E575E21240 49] Android_Unknown_Vulkan, [000001E575240400][000001E575E69380 49] Lumin, [000001E575153F00][000001E575E6D4C0 49] Lumin_Desktop, [000001E575241000][000001E575E75640 49] HoloLens, 
[2022.03.04-16.56.34:767][  0]LogMeshReduction: Using QuadricMeshReduction for automatic static mesh reduction
[2022.03.04-16.56.34:767][  0]LogMeshReduction: Using SimplygonMeshReduction for automatic skeletal mesh reduction
[2022.03.04-16.56.34:767][  0]LogMeshReduction: Using ProxyLODMeshReduction for automatic mesh merging
[2022.03.04-16.56.34:767][  0]LogMeshReduction: No distributed automatic mesh merging module available
[2022.03.04-16.56.34:767][  0]LogMeshMerging: No distributed automatic mesh merging module available
[2022.03.04-16.56.34:793][  0]LogNetVersion: BuildingEscape 1.0.0, NetCL: 17155196, EngineNetVer: 17, GameNetVer: 0 (Checksum: 4056458892)
[2022.03.04-16.56.35:402][  0]LogTexture: Default maximum texture size for cubemaps generated from long-lat sources has been changed from 512 to unlimited. In order to preserve old behaiour for '/Engine/MapTemplates/Sky/DaylightAmbientCubemap.DaylightAmbientCubemap', its maximum texture size has been explicitly set to 512.
[2022.03.04-16.56.35:502][  0]LogHMD: PokeAHoleMaterial loaded successfully
[2022.03.04-16.56.35:515][  0]LogUObjectArray: 17178 objects as part of root set at end of initial load.
[2022.03.04-16.56.35:515][  0]LogUObjectAllocator: 4302048 out of 0 bytes used by permanent object pool.
[2022.03.04-16.56.35:515][  0]LogUObjectArray: CloseDisregardForGC: 0/0 objects in disregard for GC pool
[2022.03.04-16.56.36:021][  0]LogNiagaraDebuggerClient: Niagara Debugger Client Initialized | Session: B1646C2348A9E02D1FABA89688A73938 | Instance: 5CBC58494FDAAC6E2EAE328B813D9B27 (MIKU-56276).
[2022.03.04-16.56.36:088][  0]LogPython: Using Python 3.7.7
[2022.03.04-16.56.37:241][  0]LogTcpMessaging: Initializing TcpMessaging bridge
[2022.03.04-16.56.37:263][  0]LogUdpMessaging: Initializing bridge on interface 0.0.0.0:0 to multicast group 230.0.0.1:6666.
[2022.03.04-16.56.37:640][  0]SourceControl: Source control is disabled
[2022.03.04-16.56.37:640][  0]SourceControl: Source control is disabled
[2022.03.04-16.56.37:653][  0]SourceControl: Source control is disabled
[2022.03.04-16.56.37:671][  0]SourceControl: Source control is disabled
[2022.03.04-16.56.37:688][  0]SourceControl: Source control is disabled
[2022.03.04-16.56.37:767][  0]LogUProjectInfo: Found projects:
[2022.03.04-16.56.38:065][  0]LogOpenImageDenoise: OIDN starting up
[2022.03.04-16.56.38:165][  0]LogAndroidPermission: UAndroidPermissionCallbackProxy::GetInstance
[2022.03.04-16.56.38:207][  0]LogAudioCaptureCore: Display: No Audio Capture implementations found. Audio input will be silent.
[2022.03.04-16.56.38:207][  0]LogAudioCaptureCore: Display: No Audio Capture implementations found. Audio input will be silent.
[2022.03.04-16.56.38:454][  0]LogCollectionManager: Loaded 0 collections in 0.002637 seconds
[2022.03.04-16.56.38:504][  0]LogFileCache: Scanning file cache for directory 'C:/Users/seana/Game Repos/UnrealEngine/BuildingEscape/BuildingEscape/Saved/Collections/' took 0.00s
[2022.03.04-16.56.38:504][  0]LogFileCache: Scanning file cache for directory 'C:/Users/seana/Game Repos/UnrealEngine/BuildingEscape/BuildingEscape/Content/Developers/seana/Collections/' took 0.00s
[2022.03.04-16.56.38:504][  0]LogFileCache: Scanning file cache for directory 'C:/Users/seana/Game Repos/UnrealEngine/BuildingEscape/BuildingEscape/Content/Collections/' took 0.00s
[2022.03.04-16.56.38:504][  0]LogOcInput: OculusInput pre-init called
[2022.03.04-16.56.38:774][  0]LogEngine: Initializing Engine...
[2022.03.04-16.56.38:787][  0]LogHMD: Failed to enumerate extensions. Please check that you have a valid OpenXR runtime installed.
[2022.03.04-16.56.38:787][  0]LogHMD: Failed to initialize OpenVR with code 110
[2022.03.04-16.56.38:788][  0]LogMagicLeap: Warning: VR disabled because ZI is not enabled.  To enable, in the editor, Edit -> Project Settings -> Plugins -> Magic Leap Plugin -> Enable Zero Iteration
[2022.03.04-16.56.38:788][  0]LogStats: UGameplayTagsManager::InitializeManager -  0.000 s
[2022.03.04-16.56.38:944][  0]LogInit: Initializing FReadOnlyCVARCache
[2022.03.04-16.56.38:957][  0]LogAIModule: Creating AISystem for world Untitled
[2022.03.04-16.56.38:958][  0]LogAudio: Display: Initializing Audio Device Manager...
[2022.03.04-16.56.38:961][  0]LogAudio: Display: Loading Default Audio Settings Objects...
[2022.03.04-16.56.38:962][  0]LogAudio: Display: No default SoundConcurrencyObject specified (or failed to load).
[2022.03.04-16.56.38:962][  0]LogAudio: Display: Audio Device Manager Initialized
[2022.03.04-16.56.38:962][  0]LogAudio: Display: Creating Audio Device:                 Id: 1, Scope: Shared, Realtime: True
[2022.03.04-16.56.38:962][  0]LogAudioMixer: Display: Audio Mixer Platform Settings:
[2022.03.04-16.56.38:962][  0]LogAudioMixer: Display: 	Sample Rate:						  48000
[2022.03.04-16.56.38:962][  0]LogAudioMixer: Display: 	Callback Buffer Frame Size Requested: 1024
[2022.03.04-16.56.38:962][  0]LogAudioMixer: Display: 	Callback Buffer Frame Size To Use:	  1024
[2022.03.04-16.56.38:962][  0]LogAudioMixer: Display: 	Number of buffers to queue:			  2
[2022.03.04-16.56.38:962][  0]LogAudioMixer: Display: 	Max Channels (voices):				  32
[2022.03.04-16.56.38:962][  0]LogAudioMixer: Display: 	Number of Async Source Workers:		  0
[2022.03.04-16.56.38:962][  0]LogAudio: Display: AudioDevice MaxSources: 32
[2022.03.04-16.56.38:963][  0]LogAudio: Display: Audio Spatialization Plugin: None (built-in).
[2022.03.04-16.56.38:963][  0]LogAudio: Display: Audio Reverb Plugin: None (built-in).
[2022.03.04-16.56.38:963][  0]LogAudio: Display: Audio Occlusion Plugin: None (built-in).
[2022.03.04-16.56.38:963][  0]LogAudioMixer: Display: Initializing audio mixer.
[2022.03.04-16.56.38:974][  0]LogAudioMixer: Display: 0: FrontLeft
[2022.03.04-16.56.38:974][  0]LogAudioMixer: Display: 1: FrontRight
[2022.03.04-16.56.38:997][  0]LogAudioMixer: Display: Using Audio Device Speakers (Razer Audio Controller - Game)
[2022.03.04-16.56.39:000][  0]LogAudioMixer: Display: Initializing Sound Submixes...
[2022.03.04-16.56.39:005][  0]LogAudioMixer: Display: Creating Master Submix 'MasterSubmixDefault'
[2022.03.04-16.56.39:005][  0]LogAudioMixer: Display: Creating Master Submix 'MasterReverbSubmixDefault'
[2022.03.04-16.56.39:007][  0]LogAudioMixer: Display: Creating Master Submix 'MasterEQSubmixDefault'
[2022.03.04-16.56.39:007][  0]LogAudioMixer: FMixerPlatformXAudio2::StartAudioStream() called
[2022.03.04-16.56.39:007][  0]LogAudioMixer: Display: Output buffers initialized: Frames=1024, Channels=2, Samples=2048
[2022.03.04-16.56.39:009][  0]LogAudioMixer: Display: Starting AudioMixerPlatformInterface::RunInternal()
[2022.03.04-16.56.39:009][  0]LogAudioMixer: Display: FMixerPlatformXAudio2::SubmitBuffer() called for the first time
[2022.03.04-16.56.39:009][  0]LogInit: FAudioDevice initialized.
[2022.03.04-16.56.39:009][  0]LogAudio: Display: Audio Device (ID: 1) registered with world 'Untitled'.
[2022.03.04-16.56.39:009][  0]LogNetVersion: Set ProjectVersion to 1.0.0.0. Version Checksum will be recalculated on next use.
[2022.03.04-16.56.39:110][  0]LogDerivedDataCache: Saved boot cache 0.10s 94MB C:/Users/seana/AppData/Local/UnrealEngine/4.27/DerivedDataCache/Boot.ddc.
[2022.03.04-16.56.39:111][  0]LogInit: Texture streaming: Enabled
[2022.03.04-16.56.39:124][  0]LogAnalytics: Display: [UEEditor.Rocket.Release] APIServer = https://datarouter.ol.epicgames.com/. AppVersion = 4.27.2-18319896+++UE4+Release-4.27
[2022.03.04-16.56.39:128][  0]LogEngineSessionManager: EngineSessionManager initialized
[2022.03.04-16.56.39:128][  0]LogEditorSessionSummary: Verbose: Initializing EditorSessionSummaryWriter for editor session tracking
[2022.03.04-16.56.39:133][  0]LogEditorSessionSummary: EditorSessionSummaryWriter initialized
[2022.03.04-16.56.39:159][  0]LogInit: Transaction tracking system initialized
[2022.03.04-16.56.39:183][  0]BlueprintLog: New page: Editor Load
[2022.03.04-16.56.39:276][  0]LocalizationService: Localization service is disabled
[2022.03.04-16.56.39:303][  0]TimingProfiler: Initialize
[2022.03.04-16.56.39:303][  0]TimingProfiler: OnSessionChanged
[2022.03.04-16.56.39:303][  0]LoadingProfiler: Initialize
[2022.03.04-16.56.39:303][  0]LoadingProfiler: OnSessionChanged
[2022.03.04-16.56.39:303][  0]NetworkingProfiler: Initialize
[2022.03.04-16.56.39:303][  0]NetworkingProfiler: OnSessionChanged
[2022.03.04-16.56.39:303][  0]MemoryProfiler: Initialize
[2022.03.04-16.56.39:303][  0]MemoryProfiler: OnSessionChanged
[2022.03.04-16.56.39:467][  0]LogCook: Display: CookSettings for Memory: MemoryMaxUsedVirtual 0MiB, MemoryMaxUsedPhysical 16384MiB, MemoryMinFreeVirtual 0MiB, MemoryMinFreePhysical 1024MiB
[2022.03.04-16.56.39:467][  0]LogFileCache: Scanning file cache for directory 'C:/Users/seana/Game Repos/UnrealEngine/BuildingEscape/BuildingEscape/Content/' took 0.00s
[2022.03.04-16.56.39:467][  0]LogCook: Display: Mobile HDR setting 1
[2022.03.04-16.56.39:837][  0]LogInit: Display: Engine is initialized. Leaving FEngineLoop::Init()
[2022.03.04-16.56.39:842][  0]SourceControl: Source control is disabled
[2022.03.04-16.56.39:842][  0]LogUnrealEdMisc: Loading editor; pre map load, took 8.676
[2022.03.04-16.56.39:842][  0]Cmd: MAP LOAD FILE="../../../Engine/Content/Maps/Templates/Template_Default.umap" TEMPLATE=1 SHOWPROGRESS=1 FEATURELEVEL=3
[2022.03.04-16.56.39:843][  0]LightingResults: New page: Lighting Build
[2022.03.04-16.56.39:844][  0]LogWorld: UWorld::CleanupWorld for Untitled, bSessionEnded=true, bCleanupResources=true
[2022.03.04-16.56.39:844][  0]LogSlate: InvalidateAllWidgets triggered.  All widgets were invalidated
[2022.03.04-16.56.39:845][  0]MapCheck: New page: Map Check
[2022.03.04-16.56.39:845][  0]LightingResults: New page: Lighting Build
[2022.03.04-16.56.39:851][  0]LogAudio: Display: Audio Device unregistered from world 'None'.
[2022.03.04-16.56.39:854][  0]LogUObjectHash: Compacting FUObjectHashTables data took   0.88ms
[2022.03.04-16.56.39:909][  0]LogTexture: Display: Building textures: DeprecatedTextureEB9CBE3C423008B5E8E130901E171C89 (BGRA8, 128X128)
[2022.03.04-16.56.39:914][  0]LogAudio: Display: Audio Device (ID: 1) registered with world 'Untitled_1'.
[2022.03.04-16.56.39:916][  0]LogAIModule: Creating AISystem for world Untitled_1
[2022.03.04-16.56.39:922][  0]LogEditorServer: Finished looking for orphan Actors (0.000 secs)
[2022.03.04-16.56.39:932][  0]LogUObjectHash: Compacting FUObjectHashTables data took   1.43ms
[2022.03.04-16.56.39:932][  0]Cmd: MAP CHECKDEP NOCLEARLOG
[2022.03.04-16.56.39:933][  0]MapCheck: Map check complete: 0 Error(s), 0 Warning(s), took 0.157ms to complete.
[2022.03.04-16.56.39:933][  0]LogFileHelpers: Loading map 'Template_Default' took 0.090
[2022.03.04-16.56.39:935][  0]LogUnrealEdMisc: Total Editor Startup Time, took 8.768
[2022.03.04-16.56.40:133][  0]LogSlate: Updating window title bar state: overlay mode, drag disabled, window buttons hidden, title bar hidden
[2022.03.04-16.56.40:139][  0]LogSlate: Updating window title bar state: overlay mode, drag disabled, window buttons hidden, title bar hidden
[2022.03.04-16.56.40:144][  0]LogSlate: Updating window title bar state: overlay mode, drag disabled, window buttons hidden, title bar hidden
[2022.03.04-16.56.40:149][  0]LogSlate: Updating window title bar state: overlay mode, drag disabled, window buttons hidden, title bar hidden
[2022.03.04-16.56.40:217][  0]LogNativeClassHierarchy: Verbose: Native class hierarchy populated in 0.0088 seconds. Added 3823 classes and 930 folders.
[2022.03.04-16.56.40:225][  0]LogNativeClassHierarchy: Verbose: Native class hierarchy updated for 'WidgetCarousel' in 0.0003 seconds. Added 0 classes and 0 folders.
[2022.03.04-16.56.40:226][  0]LogPakFile: PakFile PrimaryIndexSize=187
[2022.03.04-16.56.40:226][  0]LogPakFile: PakFile PathHashIndexSize=101
[2022.03.04-16.56.40:226][  0]LogPakFile: PakFile FullDirectoryIndexSize=148
[2022.03.04-16.56.40:226][  0]LogShaderLibrary: Display: ShaderCodeLibraryPakFileMountedCallback: PakFile 'C:/Program Files/Epic Games/UE_4.27/FeaturePacks/FP_FirstPerson.upack' (chunk index -1, root 'root:/') mounted
[2022.03.04-16.56.40:227][  0]LogShaderLibrary: Display: ShaderCodeLibraryPakFileMountedCallback: pending pak file info (ChunkID:-1 Root:root:/ File:C:/Program Files/Epic Games/UE_4.27/FeaturePacks/FP_FirstPerson.upack)
[2022.03.04-16.56.40:227][  0]LogPakFile: OnPakFileMounted2Time == 0.000053
[2022.03.04-16.56.40:227][  0]LogPakFile: PakFile PrimaryIndexSize=189
[2022.03.04-16.56.40:227][  0]LogPakFile: PakFile PathHashIndexSize=101
[2022.03.04-16.56.40:227][  0]LogPakFile: PakFile FullDirectoryIndexSize=152
[2022.03.04-16.56.40:227][  0]LogShaderLibrary: Display: ShaderCodeLibraryPakFileMountedCallback: PakFile 'C:/Program Files/Epic Games/UE_4.27/FeaturePacks/FP_FirstPersonBP.upack' (chunk index -1, root 'root:/') mounted
[2022.03.04-16.56.40:227][  0]LogShaderLibrary: Display: ShaderCodeLibraryPakFileMountedCallback: pending pak file info (ChunkID:-1 Root:root:/ File:C:/Program Files/Epic Games/UE_4.27/FeaturePacks/FP_FirstPersonBP.upack)
[2022.03.04-16.56.40:227][  0]LogPakFile: OnPakFileMounted2Time == 0.000032
[2022.03.04-16.56.40:227][  0]LogPakFile: PakFile PrimaryIndexSize=191
[2022.03.04-16.56.40:227][  0]LogPakFile: PakFile PathHashIndexSize=101
[2022.03.04-16.56.40:227][  0]LogPakFile: PakFile FullDirectoryIndexSize=160
[2022.03.04-16.56.40:227][  0]LogShaderLibrary: Display: ShaderCodeLibraryPakFileMountedCallback: PakFile 'C:/Program Files/Epic Games/UE_4.27/FeaturePacks/MobileStarterContent.upack' (chunk index -1, root 'root:/') mounted
[2022.03.04-16.56.40:227][  0]LogShaderLibrary: Display: ShaderCodeLibraryPakFileMountedCallback: pending pak file info (ChunkID:-1 Root:root:/ File:C:/Program Files/Epic Games/UE_4.27/FeaturePacks/MobileStarterContent.upack)
[2022.03.04-16.56.40:227][  0]LogPakFile: OnPakFileMounted2Time == 0.000032
[2022.03.04-16.56.40:228][  0]LogPakFile: PakFile PrimaryIndexSize=185
[2022.03.04-16.56.40:228][  0]LogPakFile: PakFile PathHashIndexSize=101
[2022.03.04-16.56.40:228][  0]LogPakFile: PakFile FullDirectoryIndexSize=148
[2022.03.04-16.56.40:228][  0]LogShaderLibrary: Display: ShaderCodeLibraryPakFileMountedCallback: PakFile 'C:/Program Files/Epic Games/UE_4.27/FeaturePacks/StarterContent.upack' (chunk index -1, root 'root:/') mounted
[2022.03.04-16.56.40:228][  0]LogShaderLibrary: Display: ShaderCodeLibraryPakFileMountedCallback: pending pak file info (ChunkID:-1 Root:root:/ File:C:/Program Files/Epic Games/UE_4.27/FeaturePacks/StarterContent.upack)
[2022.03.04-16.56.40:228][  0]LogPakFile: OnPakFileMounted2Time == 0.000030
[2022.03.04-16.56.40:228][  0]LogPakFile: PakFile PrimaryIndexSize=190
[2022.03.04-16.56.40:228][  0]LogPakFile: PakFile PathHashIndexSize=101
[2022.03.04-16.56.40:228][  0]LogPakFile: PakFile FullDirectoryIndexSize=154
[2022.03.04-16.56.40:228][  0]LogShaderLibrary: Display: ShaderCodeLibraryPakFileMountedCallback: PakFile 'C:/Program Files/Epic Games/UE_4.27/FeaturePacks/TP_2DSideScroller.upack' (chunk index -1, root 'root:/') mounted
[2022.03.04-16.56.40:228][  0]LogShaderLibrary: Display: ShaderCodeLibraryPakFileMountedCallback: pending pak file info (ChunkID:-1 Root:root:/ File:C:/Program Files/Epic Games/UE_4.27/FeaturePacks/TP_2DSideScroller.upack)
[2022.03.04-16.56.40:228][  0]LogPakFile: OnPakFileMounted2Time == 0.000029
[2022.03.04-16.56.40:229][  0]LogPakFile: PakFile PrimaryIndexSize=192
[2022.03.04-16.56.40:229][  0]LogPakFile: PakFile PathHashIndexSize=101
[2022.03.04-16.56.40:229][  0]LogPakFile: PakFile FullDirectoryIndexSize=158
[2022.03.04-16.56.40:229][  0]LogShaderLibrary: Display: ShaderCodeLibraryPakFileMountedCallback: PakFile 'C:/Program Files/Epic Games/UE_4.27/FeaturePacks/TP_2DSideScrollerBP.upack' (chunk index -1, root 'root:/') mounted
[2022.03.04-16.56.40:229][  0]LogShaderLibrary: Display: ShaderCodeLibraryPakFileMountedCallback: pending pak file info (ChunkID:-1 Root:root:/ File:C:/Program Files/Epic Games/UE_4.27/FeaturePacks/TP_2DSideScrollerBP.upack)
[2022.03.04-16.56.40:229][  0]LogPakFile: OnPakFileMounted2Time == 0.000029
[2022.03.04-16.56.40:229][  0]LogPakFile: PakFile PrimaryIndexSize=182
[2022.03.04-16.56.40:229][  0]LogPakFile: PakFile PathHashIndexSize=101
[2022.03.04-16.56.40:229][  0]LogPakFile: PakFile FullDirectoryIndexSize=138
[2022.03.04-16.56.40:229][  0]LogShaderLibrary: Display: ShaderCodeLibraryPakFileMountedCallback: PakFile 'C:/Program Files/Epic Games/UE_4.27/FeaturePacks/TP_Flying.upack' (chunk index -1, root 'root:/') mounted
[2022.03.04-16.56.40:229][  0]LogShaderLibrary: Display: ShaderCodeLibraryPakFileMountedCallback: pending pak file info (ChunkID:-1 Root:root:/ File:C:/Program Files/Epic Games/UE_4.27/FeaturePacks/TP_Flying.upack)
[2022.03.04-16.56.40:229][  0]LogPakFile: OnPakFileMounted2Time == 0.000028
[2022.03.04-16.56.40:229][  0]LogPakFile: PakFile PrimaryIndexSize=184
[2022.03.04-16.56.40:229][  0]LogPakFile: PakFile PathHashIndexSize=101
[2022.03.04-16.56.40:229][  0]LogPakFile: PakFile FullDirectoryIndexSize=142
[2022.03.04-16.56.40:229][  0]LogShaderLibrary: Display: ShaderCodeLibraryPakFileMountedCallback: PakFile 'C:/Program Files/Epic Games/UE_4.27/FeaturePacks/TP_FlyingBP.upack' (chunk index -1, root 'root:/') mounted
[2022.03.04-16.56.40:229][  0]LogShaderLibrary: Display: ShaderCodeLibraryPakFileMountedCallback: pending pak file info (ChunkID:-1 Root:root:/ File:C:/Program Files/Epic Games/UE_4.27/FeaturePacks/TP_FlyingBP.upack)
[2022.03.04-16.56.40:229][  0]LogPakFile: OnPakFileMounted2Time == 0.000028
[2022.03.04-16.56.40:230][  0]LogPakFile: PakFile PrimaryIndexSize=188
[2022.03.04-16.56.40:230][  0]LogPakFile: PakFile PathHashIndexSize=101
[2022.03.04-16.56.40:230][  0]LogPakFile: PakFile FullDirectoryIndexSize=150
[2022.03.04-16.56.40:230][  0]LogShaderLibrary: Display: ShaderCodeLibraryPakFileMountedCallback: PakFile 'C:/Program Files/Epic Games/UE_4.27/FeaturePacks/TP_HandheldARBP.upack' (chunk index -1, root 'root:/') mounted
[2022.03.04-16.56.40:230][  0]LogShaderLibrary: Display: ShaderCodeLibraryPakFileMountedCallback: pending pak file info (ChunkID:-1 Root:root:/ File:C:/Program Files/Epic Games/UE_4.27/FeaturePacks/TP_HandheldARBP.upack)
[2022.03.04-16.56.40:230][  0]LogPakFile: OnPakFileMounted2Time == 0.000037
[2022.03.04-16.56.40:230][  0]LogPakFile: PakFile PrimaryIndexSize=182
[2022.03.04-16.56.40:230][  0]LogPakFile: PakFile PathHashIndexSize=101
[2022.03.04-16.56.40:230][  0]LogPakFile: PakFile FullDirectoryIndexSize=138
[2022.03.04-16.56.40:230][  0]LogShaderLibrary: Display: ShaderCodeLibraryPakFileMountedCallback: PakFile 'C:/Program Files/Epic Games/UE_4.27/FeaturePacks/TP_Puzzle.upack' (chunk index -1, root 'root:/') mounted
[2022.03.04-16.56.40:230][  0]LogShaderLibrary: Display: ShaderCodeLibraryPakFileMountedCallback: pending pak file info (ChunkID:-1 Root:root:/ File:C:/Program Files/Epic Games/UE_4.27/FeaturePacks/TP_Puzzle.upack)
[2022.03.04-16.56.40:230][  0]LogPakFile: OnPakFileMounted2Time == 0.000029
[2022.03.04-16.56.40:231][  0]LogPakFile: PakFile PrimaryIndexSize=184
[2022.03.04-16.56.40:231][  0]LogPakFile: PakFile PathHashIndexSize=101
[2022.03.04-16.56.40:231][  0]LogPakFile: PakFile FullDirectoryIndexSize=142
[2022.03.04-16.56.40:231][  0]LogShaderLibrary: Display: ShaderCodeLibraryPakFileMountedCallback: PakFile 'C:/Program Files/Epic Games/UE_4.27/FeaturePacks/TP_PuzzleBP.upack' (chunk index -1, root 'root:/') mounted
[2022.03.04-16.56.40:231][  0]LogShaderLibrary: Display: ShaderCodeLibraryPakFileMountedCallback: pending pak file info (ChunkID:-1 Root:root:/ File:C:/Program Files/Epic Games/UE_4.27/FeaturePacks/TP_PuzzleBP.upack)
[2022.03.04-16.56.40:231][  0]LogPakFile: OnPakFileMounted2Time == 0.000029
[2022.03.04-16.56.40:231][  0]LogPakFile: PakFile PrimaryIndexSize=183
[2022.03.04-16.56.40:231][  0]LogPakFile: PakFile PathHashIndexSize=101
[2022.03.04-16.56.40:231][  0]LogPakFile: PakFile FullDirectoryIndexSize=140
[2022.03.04-16.56.40:231][  0]LogShaderLibrary: Display: ShaderCodeLibraryPakFileMountedCallback: PakFile 'C:/Program Files/Epic Games/UE_4.27/FeaturePacks/TP_Rolling.upack' (chunk index -1, root 'root:/') mounted
[2022.03.04-16.56.40:231][  0]LogShaderLibrary: Display: ShaderCodeLibraryPakFileMountedCallback: pending pak file info (ChunkID:-1 Root:root:/ File:C:/Program Files/Epic Games/UE_4.27/FeaturePacks/TP_Rolling.upack)
[2022.03.04-16.56.40:231][  0]LogPakFile: OnPakFileMounted2Time == 0.000031
[2022.03.04-16.56.40:232][  0]LogPakFile: PakFile PrimaryIndexSize=185
[2022.03.04-16.56.40:232][  0]LogPakFile: PakFile PathHashIndexSize=101
[2022.03.04-16.56.40:232][  0]LogPakFile: PakFile FullDirectoryIndexSize=144
[2022.03.04-16.56.40:232][  0]LogShaderLibrary: Display: ShaderCodeLibraryPakFileMountedCallback: PakFile 'C:/Program Files/Epic Games/UE_4.27/FeaturePacks/TP_RollingBP.upack' (chunk index -1, root 'root:/') mounted
[2022.03.04-16.56.40:232][  0]LogShaderLibrary: Display: ShaderCodeLibraryPakFileMountedCallback: pending pak file info (ChunkID:-1 Root:root:/ File:C:/Program Files/Epic Games/UE_4.27/FeaturePacks/TP_RollingBP.upack)
[2022.03.04-16.56.40:232][  0]LogPakFile: OnPakFileMounted2Time == 0.000029
[2022.03.04-16.56.40:232][  0]LogPakFile: PakFile PrimaryIndexSize=188
[2022.03.04-16.56.40:232][  0]LogPakFile: PakFile PathHashIndexSize=101
[2022.03.04-16.56.40:232][  0]LogPakFile: PakFile FullDirectoryIndexSize=150
[2022.03.04-16.56.40:232][  0]LogShaderLibrary: Display: ShaderCodeLibraryPakFileMountedCallback: PakFile 'C:/Program Files/Epic Games/UE_4.27/FeaturePacks/TP_SideScroller.upack' (chunk index -1, root 'root:/') mounted
[2022.03.04-16.56.40:232][  0]LogShaderLibrary: Display: ShaderCodeLibraryPakFileMountedCallback: pending pak file info (ChunkID:-1 Root:root:/ File:C:/Program Files/Epic Games/UE_4.27/FeaturePacks/TP_SideScroller.upack)
[2022.03.04-16.56.40:232][  0]LogPakFile: OnPakFileMounted2Time == 0.000029
[2022.03.04-16.56.40:233][  0]LogPakFile: PakFile PrimaryIndexSize=190
[2022.03.04-16.56.40:233][  0]LogPakFile: PakFile PathHashIndexSize=101
[2022.03.04-16.56.40:233][  0]LogPakFile: PakFile FullDirectoryIndexSize=154
[2022.03.04-16.56.40:233][  0]LogShaderLibrary: Display: ShaderCodeLibraryPakFileMountedCallback: PakFile 'C:/Program Files/Epic Games/UE_4.27/FeaturePacks/TP_SideScrollerBP.upack' (chunk index -1, root 'root:/') mounted
[2022.03.04-16.56.40:233][  0]LogShaderLibrary: Display: ShaderCodeLibraryPakFileMountedCallback: pending pak file info (ChunkID:-1 Root:root:/ File:C:/Program Files/Epic Games/UE_4.27/FeaturePacks/TP_SideScrollerBP.upack)
[2022.03.04-16.56.40:233][  0]LogPakFile: OnPakFileMounted2Time == 0.000040
[2022.03.04-16.56.40:233][  0]LogPakFile: PakFile PrimaryIndexSize=187
[2022.03.04-16.56.40:233][  0]LogPakFile: PakFile PathHashIndexSize=101
[2022.03.04-16.56.40:233][  0]LogPakFile: PakFile FullDirectoryIndexSize=148
[2022.03.04-16.56.40:233][  0]LogShaderLibrary: Display: ShaderCodeLibraryPakFileMountedCallback: PakFile 'C:/Program Files/Epic Games/UE_4.27/FeaturePacks/TP_ThirdPerson.upack' (chunk index -1, root 'root:/') mounted
[2022.03.04-16.56.40:233][  0]LogShaderLibrary: Display: ShaderCodeLibraryPakFileMountedCallback: pending pak file info (ChunkID:-1 Root:root:/ File:C:/Program Files/Epic Games/UE_4.27/FeaturePacks/TP_ThirdPerson.upack)
[2022.03.04-16.56.40:233][  0]LogPakFile: OnPakFileMounted2Time == 0.000029
[2022.03.04-16.56.40:233][  0]LogPakFile: PakFile PrimaryIndexSize=189
[2022.03.04-16.56.40:233][  0]LogPakFile: PakFile PathHashIndexSize=101
[2022.03.04-16.56.40:233][  0]LogPakFile: PakFile FullDirectoryIndexSize=152
[2022.03.04-16.56.40:233][  0]LogShaderLibrary: Display: ShaderCodeLibraryPakFileMountedCallback: PakFile 'C:/Program Files/Epic Games/UE_4.27/FeaturePacks/TP_ThirdPersonBP.upack' (chunk index -1, root 'root:/') mounted
[2022.03.04-16.56.40:233][  0]LogShaderLibrary: Display: ShaderCodeLibraryPakFileMountedCallback: pending pak file info (ChunkID:-1 Root:root:/ File:C:/Program Files/Epic Games/UE_4.27/FeaturePacks/TP_ThirdPersonBP.upack)
[2022.03.04-16.56.40:233][  0]LogPakFile: OnPakFileMounted2Time == 0.000039
[2022.03.04-16.56.40:234][  0]LogPakFile: PakFile PrimaryIndexSize=183
[2022.03.04-16.56.40:234][  0]LogPakFile: PakFile PathHashIndexSize=101
[2022.03.04-16.56.40:234][  0]LogPakFile: PakFile FullDirectoryIndexSize=140
[2022.03.04-16.56.40:234][  0]LogShaderLibrary: Display: ShaderCodeLibraryPakFileMountedCallback: PakFile 'C:/Program Files/Epic Games/UE_4.27/FeaturePacks/TP_TopDown.upack' (chunk index -1, root 'root:/') mounted
[2022.03.04-16.56.40:234][  0]LogShaderLibrary: Display: ShaderCodeLibraryPakFileMountedCallback: pending pak file info (ChunkID:-1 Root:root:/ File:C:/Program Files/Epic Games/UE_4.27/FeaturePacks/TP_TopDown.upack)
[2022.03.04-16.56.40:234][  0]LogPakFile: OnPakFileMounted2Time == 0.000035
[2022.03.04-16.56.40:234][  0]LogPakFile: PakFile PrimaryIndexSize=185
[2022.03.04-16.56.40:234][  0]LogPakFile: PakFile PathHashIndexSize=101
[2022.03.04-16.56.40:234][  0]LogPakFile: PakFile FullDirectoryIndexSize=144
[2022.03.04-16.56.40:234][  0]LogShaderLibrary: Display: ShaderCodeLibraryPakFileMountedCallback: PakFile 'C:/Program Files/Epic Games/UE_4.27/FeaturePacks/TP_TopDownBP.upack' (chunk index -1, root 'root:/') mounted
[2022.03.04-16.56.40:234][  0]LogShaderLibrary: Display: ShaderCodeLibraryPakFileMountedCallback: pending pak file info (ChunkID:-1 Root:root:/ File:C:/Program Files/Epic Games/UE_4.27/FeaturePacks/TP_TopDownBP.upack)
[2022.03.04-16.56.40:234][  0]LogPakFile: OnPakFileMounted2Time == 0.000031
[2022.03.04-16.56.40:235][  0]LogPakFile: PakFile PrimaryIndexSize=185
[2022.03.04-16.56.40:235][  0]LogPakFile: PakFile PathHashIndexSize=101
[2022.03.04-16.56.40:235][  0]LogPakFile: PakFile FullDirectoryIndexSize=144
[2022.03.04-16.56.40:235][  0]LogShaderLibrary: Display: ShaderCodeLibraryPakFileMountedCallback: PakFile 'C:/Program Files/Epic Games/UE_4.27/FeaturePacks/TP_TwinStick.upack' (chunk index -1, root 'root:/') mounted
[2022.03.04-16.56.40:235][  0]LogShaderLibrary: Display: ShaderCodeLibraryPakFileMountedCallback: pending pak file info (ChunkID:-1 Root:root:/ File:C:/Program Files/Epic Games/UE_4.27/FeaturePacks/TP_TwinStick.upack)
[2022.03.04-16.56.40:235][  0]LogPakFile: OnPakFileMounted2Time == 0.000029
[2022.03.04-16.56.40:235][  0]LogPakFile: PakFile PrimaryIndexSize=187
[2022.03.04-16.56.40:235][  0]LogPakFile: PakFile PathHashIndexSize=101
[2022.03.04-16.56.40:235][  0]LogPakFile: PakFile FullDirectoryIndexSize=148
[2022.03.04-16.56.40:235][  0]LogShaderLibrary: Display: ShaderCodeLibraryPakFileMountedCallback: PakFile 'C:/Program Files/Epic Games/UE_4.27/FeaturePacks/TP_TwinStickBP.upack' (chunk index -1, root 'root:/') mounted
[2022.03.04-16.56.40:235][  0]LogShaderLibrary: Display: ShaderCodeLibraryPakFileMountedCallback: pending pak file info (ChunkID:-1 Root:root:/ File:C:/Program Files/Epic Games/UE_4.27/FeaturePacks/TP_TwinStickBP.upack)
[2022.03.04-16.56.40:235][  0]LogPakFile: OnPakFileMounted2Time == 0.000031
[2022.03.04-16.56.40:235][  0]LogPakFile: PakFile PrimaryIndexSize=183
[2022.03.04-16.56.40:235][  0]LogPakFile: PakFile PathHashIndexSize=101
[2022.03.04-16.56.40:235][  0]LogPakFile: PakFile FullDirectoryIndexSize=140
[2022.03.04-16.56.40:235][  0]LogShaderLibrary: Display: ShaderCodeLibraryPakFileMountedCallback: PakFile 'C:/Program Files/Epic Games/UE_4.27/FeaturePacks/TP_Vehicle.upack' (chunk index -1, root 'root:/') mounted
[2022.03.04-16.56.40:235][  0]LogShaderLibrary: Display: ShaderCodeLibraryPakFileMountedCallback: pending pak file info (ChunkID:-1 Root:root:/ File:C:/Program Files/Epic Games/UE_4.27/FeaturePacks/TP_Vehicle.upack)
[2022.03.04-16.56.40:235][  0]LogPakFile: OnPakFileMounted2Time == 0.000029
[2022.03.04-16.56.40:236][  0]LogPakFile: PakFile PrimaryIndexSize=186
[2022.03.04-16.56.40:236][  0]LogPakFile: PakFile PathHashIndexSize=101
[2022.03.04-16.56.40:236][  0]LogPakFile: PakFile FullDirectoryIndexSize=146
[2022.03.04-16.56.40:236][  0]LogShaderLibrary: Display: ShaderCodeLibraryPakFileMountedCallback: PakFile 'C:/Program Files/Epic Games/UE_4.27/FeaturePacks/TP_VehicleAdv.upack' (chunk index -1, root 'root:/') mounted
[2022.03.04-16.56.40:236][  0]LogShaderLibrary: Display: ShaderCodeLibraryPakFileMountedCallback: pending pak file info (ChunkID:-1 Root:root:/ File:C:/Program Files/Epic Games/UE_4.27/FeaturePacks/TP_VehicleAdv.upack)
[2022.03.04-16.56.40:236][  0]LogPakFile: OnPakFileMounted2Time == 0.000029
[2022.03.04-16.56.40:236][  0]LogPakFile: PakFile PrimaryIndexSize=188
[2022.03.04-16.56.40:236][  0]LogPakFile: PakFile PathHashIndexSize=101
[2022.03.04-16.56.40:236][  0]LogPakFile: PakFile FullDirectoryIndexSize=150
[2022.03.04-16.56.40:236][  0]LogShaderLibrary: Display: ShaderCodeLibraryPakFileMountedCallback: PakFile 'C:/Program Files/Epic Games/UE_4.27/FeaturePacks/TP_VehicleAdvBP.upack' (chunk index -1, root 'root:/') mounted
[2022.03.04-16.56.40:236][  0]LogShaderLibrary: Display: ShaderCodeLibraryPakFileMountedCallback: pending pak file info (ChunkID:-1 Root:root:/ File:C:/Program Files/Epic Games/UE_4.27/FeaturePacks/TP_VehicleAdvBP.upack)
[2022.03.04-16.56.40:236][  0]LogPakFile: OnPakFileMounted2Time == 0.000028
[2022.03.04-16.56.40:237][  0]LogPakFile: PakFile PrimaryIndexSize=185
[2022.03.04-16.56.40:237][  0]LogPakFile: PakFile PathHashIndexSize=101
[2022.03.04-16.56.40:237][  0]LogPakFile: PakFile FullDirectoryIndexSize=144
[2022.03.04-16.56.40:237][  0]LogShaderLibrary: Display: ShaderCodeLibraryPakFileMountedCallback: PakFile 'C:/Program Files/Epic Games/UE_4.27/FeaturePacks/TP_VehicleBP.upack' (chunk index -1, root 'root:/') mounted
[2022.03.04-16.56.40:237][  0]LogShaderLibrary: Display: ShaderCodeLibraryPakFileMountedCallback: pending pak file info (ChunkID:-1 Root:root:/ File:C:/Program Files/Epic Games/UE_4.27/FeaturePacks/TP_VehicleBP.upack)
[2022.03.04-16.56.40:237][  0]LogPakFile: OnPakFileMounted2Time == 0.000029
[2022.03.04-16.56.40:237][  0]LogPakFile: PakFile PrimaryIndexSize=192
[2022.03.04-16.56.40:237][  0]LogPakFile: PakFile PathHashIndexSize=101
[2022.03.04-16.56.40:237][  0]LogPakFile: PakFile FullDirectoryIndexSize=158
[2022.03.04-16.56.40:237][  0]LogShaderLibrary: Display: ShaderCodeLibraryPakFileMountedCallback: PakFile 'C:/Program Files/Epic Games/UE_4.27/FeaturePacks/TP_VirtualRealityBP.upack' (chunk index -1, root 'root:/') mounted
[2022.03.04-16.56.40:237][  0]LogShaderLibrary: Display: ShaderCodeLibraryPakFileMountedCallback: pending pak file info (ChunkID:-1 Root:root:/ File:C:/Program Files/Epic Games/UE_4.27/FeaturePacks/TP_VirtualRealityBP.upack)
[2022.03.04-16.56.40:237][  0]LogPakFile: OnPakFileMounted2Time == 0.000031
[2022.03.04-16.56.40:274][  0]LogNativeClassHierarchy: Verbose: Native class hierarchy updated for 'AddContentDialog' in 0.0003 seconds. Added 0 classes and 0 folders.
[2022.03.04-16.56.40:367][  0]LogSlate: Took 0.000197 seconds to synchronously load lazily loaded font '../../../Engine/Content/Slate/Fonts/Roboto-Regular.ttf' (155K)
[2022.03.04-16.56.40:375][  0]LogSlate: Took 0.006321 seconds to synchronously load lazily loaded font '../../../Engine/Content/Editor/Slate/Fonts/FontAwesome.ttf' (139K)
[2022.03.04-16.56.40:379][  0]LogSlate: Took 0.000114 seconds to synchronously load lazily loaded font '../../../Engine/Content/Slate/Fonts/Roboto-Bold.ttf' (160K)
[2022.03.04-16.56.40:462][  0]LogRenderer: Reallocating scene render targets to support 1200x916 Format 10 NumSamples 1 (Frame:1).
[2022.03.04-16.56.40:715][  0]LogNativeClassHierarchy: Verbose: Native class hierarchy updated for 'HierarchicalLODOutliner' in 0.0002 seconds. Added 0 classes and 0 folders.
[2022.03.04-16.56.40:715][  0]LogLoad: (Engine Initialization) Total time: 9.55 seconds
[2022.03.04-16.56.40:715][  0]LogLoad: (Engine Initialization) Total Blueprint compile time: 0.00 seconds
[2022.03.04-16.56.40:760][  0]LogAssetRegistry: Asset discovery search completed in 6.5471 seconds
[2022.03.04-16.56.40:764][  0]LogCollectionManager: Fixed up redirectors for 0 collections in 0.000003 seconds (updated 0 objects)
[2022.03.04-16.56.40:766][  0]LogContentStreaming: Texture pool size now 1000 MB
[2022.03.04-16.56.57:556][958]LogSlate: Window 'Plugins' being destroyed
[2022.03.04-16.56.57:562][958]LogSlate: Window 'Plugins' being destroyed
[2022.03.04-16.56.57:562][958]LogDirectoryWatcher: A directory notification for '../../../Engine/Plugins/' was aborted.
